Log file open, 04/14/23 23:50:46
LogWindows: Failed to load 'aqProf.dll' (GetLastError=126)
LogWindows: File 'aqProf.dll' does not exist
LogWindows: Failed to load 'VtuneApi.dll' (GetLastError=126)
LogWindows: File 'VtuneApi.dll' does not exist
LogWindows: Failed to load 'VtuneApi32e.dll' (GetLastError=126)
LogWindows: File 'VtuneApi32e.dll' does not exist
LogConsoleResponse: Display: Failed to find resolution value strings in scalability ini. Falling back to default.
LogConsoleResponse: Display: Failed to find resolution value strings in scalability ini. Falling back to default.
LogInit: Display: Running engine for game: ZadRekrutacyjne
LogPlatformFile: Not using cached read wrapper
LogTaskGraph: Started task graph with 5 named threads and 59 total threads with 3 sets of task threads.
LogStats: Stats thread started at 0.174457
LogICUInternationalization: ICU TimeZone Detection - Raw Offset: +1:00, Platform Override: ''
LogInit: Display: Loading text-based GConfig....
LogPluginManager: Mounting plugin MeshPainting
LogPluginManager: Mounting plugin XGEController
LogPluginManager: Mounting plugin EnvironmentQueryEditor
LogPluginManager: Mounting plugin AISupport
LogPluginManager: Mounting plugin Paper2D
LogPluginManager: Mounting plugin OodleData
LogPluginManager: Mounting plugin LiveLink
LogPluginManager: Mounting plugin OodleNetwork
LogPluginManager: Mounting plugin LightPropagationVolume
LogPluginManager: Mounting plugin GameplayCameras
LogPluginManager: Mounting plugin CameraShakePreviewer
LogPluginManager: Mounting plugin CLionSourceCodeAccess
LogPluginManager: Mounting plugin AnimationSharing
LogPluginManager: Mounting plugin GitSourceControl
LogPluginManager: Mounting plugin CodeLiteSourceCodeAccess
LogPluginManager: Mounting plugin KDevelopSourceCodeAccess
LogPluginManager: Mounting plugin NullSourceCodeAccess
LogPluginManager: Mounting plugin PerforceSourceControl
LogPluginManager: Mounting plugin PixWinPlugin
LogPluginManager: Mounting plugin PlasticSourceControl
LogPluginManager: Mounting plugin PluginUtils
LogPluginManager: Mounting plugin PropertyAccessNode
LogPluginManager: Mounting plugin RiderSourceCodeAccess
LogPluginManager: Mounting plugin SubversionSourceControl
LogPluginManager: Mounting plugin UObjectPlugin
LogPluginManager: Mounting plugin VisualStudioCodeSourceCodeAccess
LogPluginManager: Mounting plugin XCodeSourceCodeAccess
LogPluginManager: Mounting plugin AssetManagerEditor
LogPluginManager: Mounting plugin VisualStudioSourceCodeAccess
LogPluginManager: Mounting plugin CryptoKeys
LogPluginManager: Mounting plugin DataValidation
LogPluginManager: Mounting plugin TextureFormatOodle
LogPluginManager: Mounting plugin CurveEditorTools
LogPluginManager: Mounting plugin FacialAnimation
LogPluginManager: Mounting plugin GameplayTagsEditor
LogPluginManager: Mounting plugin GeometryMode
LogPluginManager: Mounting plugin MacGraphicsSwitching
LogPluginManager: Mounting plugin MaterialAnalyzer
LogPluginManager: Mounting plugin SpeedTreeImporter
LogPluginManager: Mounting plugin MobileLauncherProfileWizard
LogPluginManager: Mounting plugin PluginBrowser
LogPluginManager: Mounting plugin Niagara
LogPluginManager: Mounting plugin AlembicImporter
LogPluginManager: Mounting plugin BackChannel
LogPluginManager: Mounting plugin ChaosCloth
LogPluginManager: Mounting plugin AutomationUtils
LogPluginManager: Mounting plugin ChaosClothEditor
LogPluginManager: Mounting plugin CharacterAI
LogPluginManager: Mounting plugin ChaosSolverPlugin
LogPluginManager: Mounting plugin ChaosEditor
LogPluginManager: Mounting plugin ChaosNiagara
LogPluginManager: Mounting plugin GeometryCache
LogPluginManager: Mounting plugin LuminPlatformFeatures
LogPluginManager: Mounting plugin MagicLeap
LogPluginManager: Mounting plugin GeometryCollectionPlugin
LogPluginManager: Mounting plugin MagicLeapMedia
LogPluginManager: Mounting plugin MagicLeapPassableWorld
LogPluginManager: Mounting plugin MLSDK
LogPluginManager: Mounting plugin GeometryProcessing
LogPluginManager: Mounting plugin OpenImageDenoise
LogPluginManager: Mounting plugin AndroidMedia
LogPluginManager: Mounting plugin AvfMedia
LogPluginManager: Mounting plugin MotoSynth
LogPluginManager: Mounting plugin ImgMedia
LogPluginManager: Mounting plugin MediaCompositing
LogPluginManager: Mounting plugin MagicLeapLightEstimation
LogPluginManager: Mounting plugin PlanarCut
LogPluginManager: Mounting plugin PlatformCrypto
LogPluginManager: Mounting plugin PythonScriptPlugin
LogPluginManager: Mounting plugin ProxyLODPlugin
LogPluginManager: Mounting plugin WebMMedia
LogPluginManager: Mounting plugin WmfMedia
LogPluginManager: Mounting plugin SkeletalReduction
LogPluginManager: Mounting plugin ActorSequence
LogPluginManager: Mounting plugin TcpMessaging
LogPluginManager: Mounting plugin UdpMessaging
LogPluginManager: Mounting plugin LevelSequenceEditor
LogPluginManager: Mounting plugin MatineeToLevelSequence
LogPluginManager: Mounting plugin TemplateSequence
LogPluginManager: Mounting plugin LauncherChunkInstaller
LogPluginManager: Mounting plugin OnlineSubsystem
LogPluginManager: Mounting plugin OnlineSubsystemNull
LogPluginManager: Mounting plugin OnlineSubsystemUtils
LogPluginManager: Mounting plugin ActorLayerUtilities
LogPluginManager: Mounting plugin AndroidDeviceProfileSelector
LogPluginManager: Mounting plugin AndroidMoviePlayer
LogPluginManager: Mounting plugin AppleImageUtils
LogPluginManager: Mounting plugin AppleMoviePlayer
LogPluginManager: Mounting plugin AudioCapture
LogPluginManager: Mounting plugin AudioSynesthesia
LogPluginManager: Mounting plugin MediaPlayerEditor
LogPluginManager: Mounting plugin AndroidPermission
LogPluginManager: Mounting plugin CableComponent
LogPluginManager: Mounting plugin ChunkDownloader
LogPluginManager: Mounting plugin EditableMesh
LogPluginManager: Mounting plugin ArchVisCharacter
LogPluginManager: Mounting plugin AssetTags
LogPluginManager: Mounting plugin GooglePAD
LogPluginManager: Mounting plugin GoogleCloudMessaging
LogPluginManager: Mounting plugin ExampleDeviceProfileSelector
LogPluginManager: Mounting plugin LinuxDeviceProfileSelector
LogPluginManager: Mounting plugin CustomMeshComponent
LogPluginManager: Mounting plugin LocationServicesBPLibrary
LogPluginManager: Mounting plugin MobilePatchingUtils
LogPluginManager: Mounting plugin OpenXR
LogPluginManager: Mounting plugin OpenXREyeTracker
LogPluginManager: Mounting plugin OpenXRHandTracking
LogPluginManager: Mounting plugin PhysXVehicles
LogPluginManager: Mounting plugin PropertyAccessEditor
LogPluginManager: Mounting plugin ProceduralMeshComponent
LogPluginManager: Mounting plugin PostSplashScreen
LogPluginManager: Mounting plugin RuntimePhysXCooking
LogPluginManager: Mounting plugin IOSDeviceProfileSelector
LogPluginManager: Mounting plugin SoundFields
LogPluginManager: Mounting plugin SignificanceManager
LogPluginManager: Mounting plugin WebMMoviePlayer
LogPluginManager: Mounting plugin Synthesis
LogPluginManager: Mounting plugin WindowsMoviePlayer
LogPluginManager: Mounting plugin Takes
LogPluginManager: Mounting plugin DatasmithContent
LogPluginManager: Mounting plugin ScreenshotTools
LogPluginManager: Mounting plugin VariantManagerContent
LogPluginManager: Mounting plugin ContentBrowserAssetDataSource
LogPluginManager: Mounting plugin ContentBrowserClassDataSource
LogPluginManager: Mounting plugin ContentBrowserFileDataSource
LogPluginManager: Mounting plugin OnlineSubsystemGooglePlay
LogPluginManager: Mounting plugin OnlineSubsystemIOS
LogPluginManager: Mounting plugin OculusVR
LogPluginManager: Mounting plugin SteamVR
PixWinPlugin: PIX capture plugin failed to initialize! Check that the process is launched from PIX.
LogInit: Using libcurl 7.55.1-DEV
LogInit:  - built for x86_64-pc-win32
LogInit:  - supports SSL with OpenSSL/1.1.1
LogInit:  - supports HTTP deflate (compression) using libz 1.2.8
LogInit:  - other features:
LogInit:      CURL_VERSION_SSL
LogInit:      CURL_VERSION_LIBZ
LogInit:      CURL_VERSION_IPV6
LogInit:      CURL_VERSION_ASYNCHDNS
LogInit:      CURL_VERSION_LARGEFILE
LogInit:      CURL_VERSION_IDN
LogInit:  CurlRequestOptions (configurable via config and command line):
LogInit:  - bVerifyPeer = true  - Libcurl will verify peer certificate
LogInit:  - bUseHttpProxy = false  - Libcurl will NOT use HTTP proxy
LogInit:  - bDontReuseConnections = false  - Libcurl will reuse connections
LogInit:  - MaxHostConnections = 16  - Libcurl will limit the number of connections to a host
LogInit:  - LocalHostAddr = Default
LogInit:  - BufferSize = 65536
LogOnline: OSS: Creating online subsystem instance for: NULL
LogInit: WinSock: version 1.1 (2.2), MaxSocks=32767, MaxUdp=65467
LogOnline: OSS: TryLoadSubsystemAndSetDefault: Loaded subsystem for module [NULL]
LogInit: Build: ++UE4+Release-4.27-CL-18319896
LogInit: Engine Version: 4.27.2-18319896+++UE4+Release-4.27
LogInit: Compatible Engine Version: 4.27.0-17155196+++UE4+Release-4.27
LogInit: Net CL: 17155196
LogInit: OS: Windows 10 (Release 2009) (), CPU: 12th Gen Intel(R) Core(TM) i7-12700F, GPU: NVIDIA GeForce RTX 3060
LogInit: Compiled (64-bit): Nov 30 2021 07:12:08
LogInit: Compiled with Visual C++: 19.24.28315.00
LogInit: Build Configuration: Development
LogInit: Branch Name: ++UE4+Release-4.27
LogInit: Command Line:  D:\Projekty\UE5\ZadRekrutacyjne\ZadRekrutacyjne.uproject -run=VisualStudioTools -unattended -noshadercompile -nosound -nullrhi -nocpuprofilertrace -nocrashreports -nosplash -ddc=noshared -output=C:\Users\Maox\AppData\Local\Temp\tmp7AAC.tmp
LogInit: Base Directory: D:/Programy/UE_4.27/Engine/Binaries/Win64/
LogInit: Allocator: TBB
LogInit: Installed Engine Build: 1
LogDevObjectVersion: Number of dev versions registered: 29
LogDevObjectVersion:   Dev-Blueprints (B0D832E4-1F89-4F0D-ACCF-7EB736FD4AA2): 10
LogDevObjectVersion:   Dev-Build (E1C64328-A22C-4D53-A36C-8E866417BD8C): 0
LogDevObjectVersion:   Dev-Core (375EC13C-06E4-48FB-B500-84F0262A717E): 4
LogDevObjectVersion:   Dev-Editor (E4B068ED-F494-42E9-A231-DA0B2E46BB41): 40
LogDevObjectVersion:   Dev-Framework (CFFC743F-43B0-4480-9391-14DF171D2073): 37
LogDevObjectVersion:   Dev-Mobile (B02B49B5-BB20-44E9-A304-32B752E40360): 3
LogDevObjectVersion:   Dev-Networking (A4E4105C-59A1-49B5-A7C5-40C4547EDFEE): 0
LogDevObjectVersion:   Dev-Online (39C831C9-5AE6-47DC-9A44-9C173E1C8E7C): 0
LogDevObjectVersion:   Dev-Physics (78F01B33-EBEA-4F98-B9B4-84EACCB95AA2): 14
LogDevObjectVersion:   Dev-Platform (6631380F-2D4D-43E0-8009-CF276956A95A): 0
LogDevObjectVersion:   Dev-Rendering (12F88B9F-8875-4AFC-A67C-D90C383ABD29): 45
LogDevObjectVersion:   Dev-Sequencer (7B5AE74C-D270-4C10-A958-57980B212A5A): 13
LogDevObjectVersion:   Dev-VR (D7296918-1DD6-4BDD-9DE2-64A83CC13884): 3
LogDevObjectVersion:   Dev-LoadTimes (C2A15278-BFE7-4AFE-6C17-90FF531DF755): 1
LogDevObjectVersion:   Private-Geometry (6EACA3D4-40EC-4CC1-B786-8BED09428FC5): 3
LogDevObjectVersion:   Dev-AnimPhys (29E575DD-E0A3-4627-9D10-D276232CDCEA): 17
LogDevObjectVersion:   Dev-Anim (AF43A65D-7FD3-4947-9873-3E8ED9C1BB05): 15
LogDevObjectVersion:   Dev-ReflectionCapture (6B266CEC-1EC7-4B8F-A30B-E4D90942FC07): 1
LogDevObjectVersion:   Dev-Automation (0DF73D61-A23F-47EA-B727-89E90C41499A): 1
LogDevObjectVersion:   FortniteMain (601D1886-AC64-4F84-AA16-D3DE0DEAC7D6): 47
LogDevObjectVersion:   FortniteRelease (E7086368-6B23-4C58-8439-1B7016265E91): 1
LogDevObjectVersion:   Dev-Enterprise (9DFFBCD6-494F-0158-E221-12823C92A888): 10
LogDevObjectVersion:   Dev-Niagara (F2AED0AC-9AFE-416F-8664-AA7FFA26D6FC): 1
LogDevObjectVersion:   Dev-Destruction (174F1F0B-B4C6-45A5-B13F-2EE8D0FB917D): 10
LogDevObjectVersion:   Dev-Physics-Ext (35F94A83-E258-406C-A318-09F59610247C): 41
LogDevObjectVersion:   Dev-PhysicsMaterial-Chaos (B68FC16E-8B1B-42E2-B453-215C058844FE): 1
LogDevObjectVersion:   Dev-CineCamera (B2E18506-4273-CFC2-A54E-F4BB758BBA07): 1
LogDevObjectVersion:   Dev-VirtualProduction (64F58936-FD1B-42BA-BA96-7289D5D0FA4E): 1
LogDevObjectVersion:   Dev-MediaFramework (6F0ED827-A609-4895-9C91-998D90180EA4): 2
LogInit: Presizing for max 25165824 objects, including 0 objects not considered by GC, pre-allocating 0 bytes for permanent pool.
LogConfig: Applying CVar settings from Section [/Script/Engine.StreamingSettings] File [D:/Projekty/UE5/ZadRekrutacyjne/Saved/Config/Windows/Engine.ini]
LogConfig: Setting CVar [[s.MinBulkDataSizeForAsyncLoading:131072]]
LogConfig: Setting CVar [[s.AsyncLoadingThreadEnabled:0]]
LogConfig: Setting CVar [[s.EventDrivenLoaderEnabled:1]]
LogConfig: Setting CVar [[s.WarnIfTimeLimitExceeded:0]]
LogConfig: Setting CVar [[s.TimeLimitExceededMultiplier:1.5]]
LogConfig: Setting CVar [[s.TimeLimitExceededMinTime:0.005]]
LogConfig: Setting CVar [[s.UseBackgroundLevelStreaming:1]]
LogConfig: Setting CVar [[s.PriorityAsyncLoadingExtraTime:15.0]]
LogConfig: Setting CVar [[s.LevelStreamingActorsUpdateTimeLimit:5.0]]
LogConfig: Setting CVar [[s.PriorityLevelStreamingActorsUpdateExtraTime:5.0]]
LogConfig: Setting CVar [[s.LevelStreamingComponentsRegistrationGranularity:10]]
LogConfig: Setting CVar [[s.UnregisterComponentsTimeLimit:1.0]]
LogConfig: Setting CVar [[s.LevelStreamingComponentsUnregistrationGranularity:5]]
LogConfig: Setting CVar [[s.FlushStreamingOnExit:1]]
LogInit: Object subsystem initialized
LogConfig: Setting CVar [[con.DebugEarlyDefault:1]]
LogConfig: Setting CVar [[r.setres:1280x720]]
[2023.04.14-21.50.47:188][  0]LogConfig: Setting CVar [[con.DebugEarlyDefault:1]]
[2023.04.14-21.50.47:188][  0]LogConfig: Setting CVar [[r.setres:1280x720]]
[2023.04.14-21.50.47:188][  0]LogConfig: Applying CVar settings from Section [/Script/Engine.RendererSettings] File [D:/Projekty/UE5/ZadRekrutacyjne/Saved/Config/Windows/Engine.ini]
[2023.04.14-21.50.47:188][  0]LogConfig: Setting CVar [[r.GPUCrashDebugging:0]]
[2023.04.14-21.50.47:188][  0]LogConfig: Applying CVar settings from Section [/Script/Engine.RendererOverrideSettings] File [D:/Projekty/UE5/ZadRekrutacyjne/Saved/Config/Windows/Engine.ini]
[2023.04.14-21.50.47:188][  0]LogConfig: Applying CVar settings from Section [/Script/Engine.StreamingSettings] File [D:/Projekty/UE5/ZadRekrutacyjne/Saved/Config/Windows/Engine.ini]
[2023.04.14-21.50.47:188][  0]LogConfig: Setting CVar [[s.MinBulkDataSizeForAsyncLoading:131072]]
[2023.04.14-21.50.47:188][  0]LogConfig: Setting CVar [[s.AsyncLoadingThreadEnabled:0]]
[2023.04.14-21.50.47:188][  0]LogConfig: Setting CVar [[s.EventDrivenLoaderEnabled:1]]
[2023.04.14-21.50.47:188][  0]LogConfig: Setting CVar [[s.WarnIfTimeLimitExceeded:0]]
[2023.04.14-21.50.47:188][  0]LogConfig: Setting CVar [[s.TimeLimitExceededMultiplier:1.5]]
[2023.04.14-21.50.47:188][  0]LogConfig: Setting CVar [[s.TimeLimitExceededMinTime:0.005]]
[2023.04.14-21.50.47:188][  0]LogConfig: Setting CVar [[s.UseBackgroundLevelStreaming:1]]
[2023.04.14-21.50.47:188][  0]LogConfig: Setting CVar [[s.PriorityAsyncLoadingExtraTime:15.0]]
[2023.04.14-21.50.47:188][  0]LogConfig: Setting CVar [[s.LevelStreamingActorsUpdateTimeLimit:5.0]]
[2023.04.14-21.50.47:188][  0]LogConfig: Setting CVar [[s.PriorityLevelStreamingActorsUpdateExtraTime:5.0]]
[2023.04.14-21.50.47:188][  0]LogConfig: Setting CVar [[s.LevelStreamingComponentsRegistrationGranularity:10]]
[2023.04.14-21.50.47:188][  0]LogConfig: Setting CVar [[s.UnregisterComponentsTimeLimit:1.0]]
[2023.04.14-21.50.47:188][  0]LogConfig: Setting CVar [[s.LevelStreamingComponentsUnregistrationGranularity:5]]
[2023.04.14-21.50.47:188][  0]LogConfig: Setting CVar [[s.FlushStreamingOnExit:1]]
[2023.04.14-21.50.47:188][  0]LogConfig: Applying CVar settings from Section [/Script/Engine.GarbageCollectionSettings] File [D:/Projekty/UE5/ZadRekrutacyjne/Saved/Config/Windows/Engine.ini]
[2023.04.14-21.50.47:188][  0]LogConfig: Setting CVar [[gc.MaxObjectsNotConsideredByGC:1]]
[2023.04.14-21.50.47:188][  0]LogConfig: Setting CVar [[gc.SizeOfPermanentObjectPool:0]]
[2023.04.14-21.50.47:188][  0]LogConfig: Setting CVar [[gc.FlushStreamingOnGC:0]]
[2023.04.14-21.50.47:188][  0]LogConfig: Setting CVar [[gc.NumRetriesBeforeForcingGC:10]]
[2023.04.14-21.50.47:188][  0]LogConfig: Setting CVar [[gc.AllowParallelGC:1]]
[2023.04.14-21.50.47:188][  0]LogConfig: Setting CVar [[gc.TimeBetweenPurgingPendingKillObjects:61.1]]
[2023.04.14-21.50.47:188][  0]LogConfig: Setting CVar [[gc.MaxObjectsInEditor:25165824]]
[2023.04.14-21.50.47:188][  0]LogConfig: Setting CVar [[gc.IncrementalBeginDestroyEnabled:1]]
[2023.04.14-21.50.47:188][  0]LogConfig: Setting CVar [[gc.CreateGCClusters:1]]
[2023.04.14-21.50.47:188][  0]LogConfig: Setting CVar [[gc.MinGCClusterSize:5]]
[2023.04.14-21.50.47:188][  0]LogConfig: Setting CVar [[gc.ActorClusteringEnabled:0]]
[2023.04.14-21.50.47:188][  0]LogConfig: Setting CVar [[gc.BlueprintClusteringEnabled:0]]
[2023.04.14-21.50.47:188][  0]LogConfig: Setting CVar [[gc.UseDisregardForGCOnDedicatedServers:0]]
[2023.04.14-21.50.47:188][  0]LogConfig: Setting CVar [[gc.MultithreadedDestructionEnabled:1]]
[2023.04.14-21.50.47:188][  0]LogConfig: Applying CVar settings from Section [/Script/Engine.NetworkSettings] File [D:/Projekty/UE5/ZadRekrutacyjne/Saved/Config/Windows/Engine.ini]
[2023.04.14-21.50.47:188][  0]LogConfig: Applying CVar settings from Section [/Script/UnrealEd.CookerSettings] File [D:/Projekty/UE5/ZadRekrutacyjne/Saved/Config/Windows/Engine.ini]
[2023.04.14-21.50.47:188][  0]LogConfig: Applying CVar settings from Section [ViewDistanceQuality@3] File [D:/Projekty/UE5/ZadRekrutacyjne/Saved/Config/Windows/Scalability.ini]
[2023.04.14-21.50.47:188][  0]LogConfig: Setting CVar [[r.SkeletalMeshLODBias:0]]
[2023.04.14-21.50.47:188][  0]LogConfig: Setting CVar [[r.ViewDistanceScale:1.0]]
[2023.04.14-21.50.47:188][  0]LogConfig: Applying CVar settings from Section [AntiAliasingQuality@3] File [D:/Projekty/UE5/ZadRekrutacyjne/Saved/Config/Windows/Scalability.ini]
[2023.04.14-21.50.47:188][  0]LogConfig: Setting CVar [[r.PostProcessAAQuality:4]]
[2023.04.14-21.50.47:188][  0]LogConfig: Applying CVar settings from Section [ShadowQuality@3] File [D:/Projekty/UE5/ZadRekrutacyjne/Saved/Config/Windows/Scalability.ini]
[2023.04.14-21.50.47:188][  0]LogConfig: Setting CVar [[r.LightFunctionQuality:1]]
[2023.04.14-21.50.47:188][  0]LogConfig: Setting CVar [[r.ShadowQuality:5]]
[2023.04.14-21.50.47:188][  0]LogConfig: Setting CVar [[r.Shadow.CSM.MaxCascades:10]]
[2023.04.14-21.50.47:188][  0]LogConfig: Setting CVar [[r.Shadow.MaxResolution:2048]]
[2023.04.14-21.50.47:188][  0]LogConfig: Setting CVar [[r.Shadow.MaxCSMResolution:2048]]
[2023.04.14-21.50.47:188][  0]LogConfig: Setting CVar [[r.Shadow.RadiusThreshold:0.01]]
[2023.04.14-21.50.47:188][  0]LogConfig: Setting CVar [[r.Shadow.DistanceScale:1.0]]
[2023.04.14-21.50.47:188][  0]LogConfig: Setting CVar [[r.Shadow.CSM.TransitionScale:1.0]]
[2023.04.14-21.50.47:188][  0]LogConfig: Setting CVar [[r.Shadow.PreShadowResolutionFactor:1.0]]
[2023.04.14-21.50.47:188][  0]LogConfig: Setting CVar [[r.DistanceFieldShadowing:1]]
[2023.04.14-21.50.47:188][  0]LogConfig: Setting CVar [[r.DistanceFieldAO:1]]
[2023.04.14-21.50.47:188][  0]LogConfig: Setting CVar [[r.AOQuality:2]]
[2023.04.14-21.50.47:188][  0]LogConfig: Setting CVar [[r.VolumetricFog:1]]
[2023.04.14-21.50.47:188][  0]LogConfig: Setting CVar [[r.VolumetricFog.GridPixelSize:8]]
[2023.04.14-21.50.47:188][  0]LogConfig: Setting CVar [[r.VolumetricFog.GridSizeZ:128]]
[2023.04.14-21.50.47:188][  0]LogConfig: Setting CVar [[r.VolumetricFog.HistoryMissSupersampleCount:4]]
[2023.04.14-21.50.47:188][  0]LogConfig: Setting CVar [[r.LightMaxDrawDistanceScale:1]]
[2023.04.14-21.50.47:188][  0]LogConfig: Setting CVar [[r.CapsuleShadows:1]]
[2023.04.14-21.50.47:188][  0]LogConfig: Applying CVar settings from Section [PostProcessQuality@3] File [D:/Projekty/UE5/ZadRekrutacyjne/Saved/Config/Windows/Scalability.ini]
[2023.04.14-21.50.47:188][  0]LogConfig: Setting CVar [[r.MotionBlurQuality:4]]
[2023.04.14-21.50.47:188][  0]LogConfig: Setting CVar [[r.AmbientOcclusionMipLevelFactor:0.4]]
[2023.04.14-21.50.47:188][  0]LogConfig: Setting CVar [[r.AmbientOcclusionMaxQuality:100]]
[2023.04.14-21.50.47:188][  0]LogConfig: Setting CVar [[r.AmbientOcclusionLevels:-1]]
[2023.04.14-21.50.47:189][  0]LogConfig: Setting CVar [[r.AmbientOcclusionRadiusScale:1.0]]
[2023.04.14-21.50.47:189][  0]LogConfig: Setting CVar [[r.DepthOfFieldQuality:2]]
[2023.04.14-21.50.47:189][  0]LogConfig: Setting CVar [[r.RenderTargetPoolMin:400]]
[2023.04.14-21.50.47:189][  0]LogConfig: Setting CVar [[r.LensFlareQuality:2]]
[2023.04.14-21.50.47:189][  0]LogConfig: Setting CVar [[r.SceneColorFringeQuality:1]]
[2023.04.14-21.50.47:189][  0]LogConfig: Setting CVar [[r.EyeAdaptationQuality:2]]
[2023.04.14-21.50.47:189][  0]LogConfig: Setting CVar [[r.BloomQuality:5]]
[2023.04.14-21.50.47:189][  0]LogConfig: Setting CVar [[r.FastBlurThreshold:100]]
[2023.04.14-21.50.47:189][  0]LogConfig: Setting CVar [[r.Upscale.Quality:3]]
[2023.04.14-21.50.47:189][  0]LogConfig: Setting CVar [[r.Tonemapper.GrainQuantization:1]]
[2023.04.14-21.50.47:189][  0]LogConfig: Setting CVar [[r.LightShaftQuality:1]]
[2023.04.14-21.50.47:189][  0]LogConfig: Setting CVar [[r.Filter.SizeScale:1]]
[2023.04.14-21.50.47:189][  0]LogConfig: Setting CVar [[r.Tonemapper.Quality:5]]
[2023.04.14-21.50.47:189][  0]LogConfig: Setting CVar [[r.DOF.Gather.AccumulatorQuality:1        ; higher gathering accumulator quality]]
[2023.04.14-21.50.47:189][  0]LogConfig: Setting CVar [[r.DOF.Gather.PostfilterMethod:1          ; Median3x3 postfilering method]]
[2023.04.14-21.50.47:189][  0]LogConfig: Setting CVar [[r.DOF.Gather.EnableBokehSettings:0       ; no bokeh simulation when gathering]]
[2023.04.14-21.50.47:189][  0]LogConfig: Setting CVar [[r.DOF.Gather.RingCount:4                 ; medium number of samples when gathering]]
[2023.04.14-21.50.47:189][  0]LogConfig: Setting CVar [[r.DOF.Scatter.ForegroundCompositing:1    ; additive foreground scattering]]
[2023.04.14-21.50.47:189][  0]LogConfig: Setting CVar [[r.DOF.Scatter.BackgroundCompositing:2    ; additive background scattering]]
[2023.04.14-21.50.47:189][  0]LogConfig: Setting CVar [[r.DOF.Scatter.EnableBokehSettings:1      ; bokeh simulation when scattering]]
[2023.04.14-21.50.47:189][  0]LogConfig: Setting CVar [[r.DOF.Scatter.MaxSpriteRatio:0.1         ; only a maximum of 10% of scattered bokeh]]
[2023.04.14-21.50.47:189][  0]LogConfig: Setting CVar [[r.DOF.Recombine.Quality:1                ; cheap slight out of focus]]
[2023.04.14-21.50.47:189][  0]LogConfig: Setting CVar [[r.DOF.Recombine.EnableBokehSettings:0    ; no bokeh simulation on slight out of focus]]
[2023.04.14-21.50.47:189][  0]LogConfig: Setting CVar [[r.DOF.TemporalAAQuality:1                ; more stable temporal accumulation]]
[2023.04.14-21.50.47:189][  0]LogConfig: Setting CVar [[r.DOF.Kernel.MaxForegroundRadius:0.025]]
[2023.04.14-21.50.47:189][  0]LogConfig: Setting CVar [[r.DOF.Kernel.MaxBackgroundRadius:0.025]]
[2023.04.14-21.50.47:189][  0]LogConfig: Applying CVar settings from Section [TextureQuality@3] File [D:/Projekty/UE5/ZadRekrutacyjne/Saved/Config/Windows/Scalability.ini]
[2023.04.14-21.50.47:189][  0]LogConfig: Setting CVar [[r.Streaming.MipBias:0]]
[2023.04.14-21.50.47:189][  0]LogConfig: Setting CVar [[r.Streaming.AmortizeCPUToGPUCopy:0]]
[2023.04.14-21.50.47:189][  0]LogConfig: Setting CVar [[r.Streaming.MaxNumTexturesToStreamPerFrame:0]]
[2023.04.14-21.50.47:189][  0]LogConfig: Setting CVar [[r.Streaming.Boost:1]]
[2023.04.14-21.50.47:189][  0]LogConfig: Setting CVar [[r.MaxAnisotropy:8]]
[2023.04.14-21.50.47:189][  0]LogConfig: Setting CVar [[r.VT.MaxAnisotropy:8]]
[2023.04.14-21.50.47:189][  0]LogConfig: Setting CVar [[r.Streaming.LimitPoolSizeToVRAM:0]]
[2023.04.14-21.50.47:189][  0]LogConfig: Setting CVar [[r.Streaming.PoolSize:1000]]
[2023.04.14-21.50.47:189][  0]LogConfig: Setting CVar [[r.Streaming.MaxEffectiveScreenSize:0]]
[2023.04.14-21.50.47:189][  0]LogConfig: Applying CVar settings from Section [EffectsQuality@3] File [D:/Projekty/UE5/ZadRekrutacyjne/Saved/Config/Windows/Scalability.ini]
[2023.04.14-21.50.47:189][  0]LogConfig: Setting CVar [[r.TranslucencyLightingVolumeDim:64]]
[2023.04.14-21.50.47:189][  0]LogConfig: Setting CVar [[r.RefractionQuality:2]]
[2023.04.14-21.50.47:189][  0]LogConfig: Setting CVar [[r.SSR.Quality:3]]
[2023.04.14-21.50.47:189][  0]LogConfig: Setting CVar [[r.SSR.HalfResSceneColor:0]]
[2023.04.14-21.50.47:189][  0]LogConfig: Setting CVar [[r.SceneColorFormat:4]]
[2023.04.14-21.50.47:189][  0]LogConfig: Setting CVar [[r.DetailMode:2]]
[2023.04.14-21.50.47:189][  0]LogConfig: Setting CVar [[r.TranslucencyVolumeBlur:1]]
[2023.04.14-21.50.47:189][  0]LogConfig: Setting CVar [[r.MaterialQualityLevel:1 ; High quality]]
[2023.04.14-21.50.47:189][  0]LogConfig: Setting CVar [[r.AnisotropicMaterials:1]]
[2023.04.14-21.50.47:189][  0]LogConfig: Setting CVar [[r.SSS.Scale:1]]
[2023.04.14-21.50.47:189][  0]LogConfig: Setting CVar [[r.SSS.SampleSet:2]]
[2023.04.14-21.50.47:189][  0]LogConfig: Setting CVar [[r.SSS.Quality:1]]
[2023.04.14-21.50.47:189][  0]LogConfig: Setting CVar [[r.SSS.HalfRes:0]]
[2023.04.14-21.50.47:189][  0]LogConfig: Setting CVar [[r.SSGI.Quality:3]]
[2023.04.14-21.50.47:189][  0]LogConfig: Setting CVar [[r.EmitterSpawnRateScale:1.0]]
[2023.04.14-21.50.47:189][  0]LogConfig: Setting CVar [[r.ParticleLightQuality:2]]
[2023.04.14-21.50.47:189][  0]LogConfig: Setting CVar [[r.SkyAtmosphere.AerialPerspectiveLUT.FastApplyOnOpaque:1 ; Always have FastSkyLUT 1 in this case to avoid wrong sky]]
[2023.04.14-21.50.47:189][  0]LogConfig: Setting CVar [[r.SkyAtmosphere.AerialPerspectiveLUT.SampleCountMaxPerSlice:4]]
[2023.04.14-21.50.47:189][  0]LogConfig: Setting CVar [[r.SkyAtmosphere.AerialPerspectiveLUT.DepthResolution:16.0]]
[2023.04.14-21.50.47:189][  0]LogConfig: Setting CVar [[r.SkyAtmosphere.FastSkyLUT:1]]
[2023.04.14-21.50.47:189][  0]LogConfig: Setting CVar [[r.SkyAtmosphere.FastSkyLUT.SampleCountMin:4.0]]
[2023.04.14-21.50.47:189][  0]LogConfig: Setting CVar [[r.SkyAtmosphere.FastSkyLUT.SampleCountMax:128.0]]
[2023.04.14-21.50.47:189][  0]LogConfig: Setting CVar [[r.SkyAtmosphere.SampleCountMin:4.0]]
[2023.04.14-21.50.47:189][  0]LogConfig: Setting CVar [[r.SkyAtmosphere.SampleCountMax:128.0]]
[2023.04.14-21.50.47:189][  0]LogConfig: Setting CVar [[r.SkyAtmosphere.TransmittanceLUT.UseSmallFormat:0]]
[2023.04.14-21.50.47:189][  0]LogConfig: Setting CVar [[r.SkyAtmosphere.TransmittanceLUT.SampleCount:10.0]]
[2023.04.14-21.50.47:189][  0]LogConfig: Setting CVar [[r.SkyAtmosphere.MultiScatteringLUT.SampleCount:15.0]]
[2023.04.14-21.50.47:189][  0]LogConfig: Setting CVar [[r.SkyLight.RealTimeReflectionCapture:1]]
[2023.04.14-21.50.47:189][  0]LogConfig: Applying CVar settings from Section [FoliageQuality@3] File [D:/Projekty/UE5/ZadRekrutacyjne/Saved/Config/Windows/Scalability.ini]
[2023.04.14-21.50.47:189][  0]LogConfig: Setting CVar [[foliage.DensityScale:1.0]]
[2023.04.14-21.50.47:189][  0]LogConfig: Setting CVar [[grass.DensityScale:1.0]]
[2023.04.14-21.50.47:189][  0]LogConfig: Applying CVar settings from Section [ShadingQuality@3] File [D:/Projekty/UE5/ZadRekrutacyjne/Saved/Config/Windows/Scalability.ini]
[2023.04.14-21.50.47:189][  0]LogConfig: Setting CVar [[r.HairStrands.SkyLighting.IntegrationType:2]]
[2023.04.14-21.50.47:189][  0]LogConfig: Setting CVar [[r.HairStrands.SkyAO.SampleCount:4]]
[2023.04.14-21.50.47:189][  0]LogConfig: Setting CVar [[r.HairStrands.Visibility.MSAA.SamplePerPixel:4]]
[2023.04.14-21.50.47:191][  0]LogInit: Selected Device Profile: [Windows]
[2023.04.14-21.50.47:191][  0]LogInit: Applying CVar settings loaded from the selected device profile: [Windows]
[2023.04.14-21.50.47:191][  0]LogHAL: Display: Platform has ~ 32 GB [34193608704 / 34359738368 / 32], which maps to Largest [LargestMinGB=32, LargerMinGB=12, DefaultMinGB=8, SmallerMinGB=6, SmallestMinGB=0)
[2023.04.14-21.50.47:191][  0]LogInit: Going up to parent DeviceProfile []
[2023.04.14-21.50.47:191][  0]LogConfig: Applying CVar settings from Section [ViewDistanceQuality@3] File [D:/Projekty/UE5/ZadRekrutacyjne/Saved/Config/Windows/Scalability.ini]
[2023.04.14-21.50.47:191][  0]LogConfig: Setting CVar [[r.SkeletalMeshLODBias:0]]
[2023.04.14-21.50.47:191][  0]LogConfig: Setting CVar [[r.ViewDistanceScale:1.0]]
[2023.04.14-21.50.47:191][  0]LogConfig: Applying CVar settings from Section [AntiAliasingQuality@3] File [D:/Projekty/UE5/ZadRekrutacyjne/Saved/Config/Windows/Scalability.ini]
[2023.04.14-21.50.47:191][  0]LogConfig: Setting CVar [[r.PostProcessAAQuality:4]]
[2023.04.14-21.50.47:191][  0]LogConfig: Applying CVar settings from Section [ShadowQuality@3] File [D:/Projekty/UE5/ZadRekrutacyjne/Saved/Config/Windows/Scalability.ini]
[2023.04.14-21.50.47:191][  0]LogConfig: Setting CVar [[r.LightFunctionQuality:1]]
[2023.04.14-21.50.47:191][  0]LogConfig: Setting CVar [[r.ShadowQuality:5]]
[2023.04.14-21.50.47:191][  0]LogConfig: Setting CVar [[r.Shadow.CSM.MaxCascades:10]]
[2023.04.14-21.50.47:191][  0]LogConfig: Setting CVar [[r.Shadow.MaxResolution:2048]]
[2023.04.14-21.50.47:191][  0]LogConfig: Setting CVar [[r.Shadow.MaxCSMResolution:2048]]
[2023.04.14-21.50.47:191][  0]LogConfig: Setting CVar [[r.Shadow.RadiusThreshold:0.01]]
[2023.04.14-21.50.47:191][  0]LogConfig: Setting CVar [[r.Shadow.DistanceScale:1.0]]
[2023.04.14-21.50.47:191][  0]LogConfig: Setting CVar [[r.Shadow.CSM.TransitionScale:1.0]]
[2023.04.14-21.50.47:191][  0]LogConfig: Setting CVar [[r.Shadow.PreShadowResolutionFactor:1.0]]
[2023.04.14-21.50.47:191][  0]LogConfig: Setting CVar [[r.DistanceFieldShadowing:1]]
[2023.04.14-21.50.47:191][  0]LogConfig: Setting CVar [[r.DistanceFieldAO:1]]
[2023.04.14-21.50.47:191][  0]LogConfig: Setting CVar [[r.AOQuality:2]]
[2023.04.14-21.50.47:191][  0]LogConfig: Setting CVar [[r.VolumetricFog:1]]
[2023.04.14-21.50.47:191][  0]LogConfig: Setting CVar [[r.VolumetricFog.GridPixelSize:8]]
[2023.04.14-21.50.47:191][  0]LogConfig: Setting CVar [[r.VolumetricFog.GridSizeZ:128]]
[2023.04.14-21.50.47:191][  0]LogConfig: Setting CVar [[r.VolumetricFog.HistoryMissSupersampleCount:4]]
[2023.04.14-21.50.47:191][  0]LogConfig: Setting CVar [[r.LightMaxDrawDistanceScale:1]]
[2023.04.14-21.50.47:191][  0]LogConfig: Setting CVar [[r.CapsuleShadows:1]]
[2023.04.14-21.50.47:191][  0]LogConfig: Applying CVar settings from Section [PostProcessQuality@3] File [D:/Projekty/UE5/ZadRekrutacyjne/Saved/Config/Windows/Scalability.ini]
[2023.04.14-21.50.47:191][  0]LogConfig: Setting CVar [[r.MotionBlurQuality:4]]
[2023.04.14-21.50.47:191][  0]LogConfig: Setting CVar [[r.AmbientOcclusionMipLevelFactor:0.4]]
[2023.04.14-21.50.47:191][  0]LogConfig: Setting CVar [[r.AmbientOcclusionMaxQuality:100]]
[2023.04.14-21.50.47:191][  0]LogConfig: Setting CVar [[r.AmbientOcclusionLevels:-1]]
[2023.04.14-21.50.47:191][  0]LogConfig: Setting CVar [[r.AmbientOcclusionRadiusScale:1.0]]
[2023.04.14-21.50.47:191][  0]LogConfig: Setting CVar [[r.DepthOfFieldQuality:2]]
[2023.04.14-21.50.47:191][  0]LogConfig: Setting CVar [[r.RenderTargetPoolMin:400]]
[2023.04.14-21.50.47:191][  0]LogConfig: Setting CVar [[r.LensFlareQuality:2]]
[2023.04.14-21.50.47:191][  0]LogConfig: Setting CVar [[r.SceneColorFringeQuality:1]]
[2023.04.14-21.50.47:191][  0]LogConfig: Setting CVar [[r.EyeAdaptationQuality:2]]
[2023.04.14-21.50.47:191][  0]LogConfig: Setting CVar [[r.BloomQuality:5]]
[2023.04.14-21.50.47:191][  0]LogConfig: Setting CVar [[r.FastBlurThreshold:100]]
[2023.04.14-21.50.47:191][  0]LogConfig: Setting CVar [[r.Upscale.Quality:3]]
[2023.04.14-21.50.47:191][  0]LogConfig: Setting CVar [[r.Tonemapper.GrainQuantization:1]]
[2023.04.14-21.50.47:191][  0]LogConfig: Setting CVar [[r.LightShaftQuality:1]]
[2023.04.14-21.50.47:191][  0]LogConfig: Setting CVar [[r.Filter.SizeScale:1]]
[2023.04.14-21.50.47:191][  0]LogConfig: Setting CVar [[r.Tonemapper.Quality:5]]
[2023.04.14-21.50.47:191][  0]LogConfig: Setting CVar [[r.DOF.Gather.AccumulatorQuality:1        ; higher gathering accumulator quality]]
[2023.04.14-21.50.47:191][  0]LogConfig: Setting CVar [[r.DOF.Gather.PostfilterMethod:1          ; Median3x3 postfilering method]]
[2023.04.14-21.50.47:191][  0]LogConfig: Setting CVar [[r.DOF.Gather.EnableBokehSettings:0       ; no bokeh simulation when gathering]]
[2023.04.14-21.50.47:191][  0]LogConfig: Setting CVar [[r.DOF.Gather.RingCount:4                 ; medium number of samples when gathering]]
[2023.04.14-21.50.47:191][  0]LogConfig: Setting CVar [[r.DOF.Scatter.ForegroundCompositing:1    ; additive foreground scattering]]
[2023.04.14-21.50.47:191][  0]LogConfig: Setting CVar [[r.DOF.Scatter.BackgroundCompositing:2    ; additive background scattering]]
[2023.04.14-21.50.47:191][  0]LogConfig: Setting CVar [[r.DOF.Scatter.EnableBokehSettings:1      ; bokeh simulation when scattering]]
[2023.04.14-21.50.47:191][  0]LogConfig: Setting CVar [[r.DOF.Scatter.MaxSpriteRatio:0.1         ; only a maximum of 10% of scattered bokeh]]
[2023.04.14-21.50.47:191][  0]LogConfig: Setting CVar [[r.DOF.Recombine.Quality:1                ; cheap slight out of focus]]
[2023.04.14-21.50.47:191][  0]LogConfig: Setting CVar [[r.DOF.Recombine.EnableBokehSettings:0    ; no bokeh simulation on slight out of focus]]
[2023.04.14-21.50.47:191][  0]LogConfig: Setting CVar [[r.DOF.TemporalAAQuality:1                ; more stable temporal accumulation]]
[2023.04.14-21.50.47:191][  0]LogConfig: Setting CVar [[r.DOF.Kernel.MaxForegroundRadius:0.025]]
[2023.04.14-21.50.47:191][  0]LogConfig: Setting CVar [[r.DOF.Kernel.MaxBackgroundRadius:0.025]]
[2023.04.14-21.50.47:191][  0]LogConfig: Applying CVar settings from Section [TextureQuality@3] File [D:/Projekty/UE5/ZadRekrutacyjne/Saved/Config/Windows/Scalability.ini]
[2023.04.14-21.50.47:191][  0]LogConfig: Setting CVar [[r.Streaming.MipBias:0]]
[2023.04.14-21.50.47:191][  0]LogConfig: Setting CVar [[r.Streaming.AmortizeCPUToGPUCopy:0]]
[2023.04.14-21.50.47:192][  0]LogConfig: Setting CVar [[r.Streaming.MaxNumTexturesToStreamPerFrame:0]]
[2023.04.14-21.50.47:192][  0]LogConfig: Setting CVar [[r.Streaming.Boost:1]]
[2023.04.14-21.50.47:192][  0]LogConfig: Setting CVar [[r.MaxAnisotropy:8]]
[2023.04.14-21.50.47:192][  0]LogConfig: Setting CVar [[r.VT.MaxAnisotropy:8]]
[2023.04.14-21.50.47:192][  0]LogConfig: Setting CVar [[r.Streaming.LimitPoolSizeToVRAM:0]]
[2023.04.14-21.50.47:192][  0]LogConfig: Setting CVar [[r.Streaming.PoolSize:1000]]
[2023.04.14-21.50.47:192][  0]LogConfig: Setting CVar [[r.Streaming.MaxEffectiveScreenSize:0]]
[2023.04.14-21.50.47:192][  0]LogConfig: Applying CVar settings from Section [EffectsQuality@3] File [D:/Projekty/UE5/ZadRekrutacyjne/Saved/Config/Windows/Scalability.ini]
[2023.04.14-21.50.47:192][  0]LogConfig: Setting CVar [[r.TranslucencyLightingVolumeDim:64]]
[2023.04.14-21.50.47:192][  0]LogConfig: Setting CVar [[r.RefractionQuality:2]]
[2023.04.14-21.50.47:192][  0]LogConfig: Setting CVar [[r.SSR.Quality:3]]
[2023.04.14-21.50.47:192][  0]LogConfig: Setting CVar [[r.SSR.HalfResSceneColor:0]]
[2023.04.14-21.50.47:192][  0]LogConfig: Setting CVar [[r.SceneColorFormat:4]]
[2023.04.14-21.50.47:192][  0]LogConfig: Setting CVar [[r.DetailMode:2]]
[2023.04.14-21.50.47:192][  0]LogConfig: Setting CVar [[r.TranslucencyVolumeBlur:1]]
[2023.04.14-21.50.47:192][  0]LogConfig: Setting CVar [[r.MaterialQualityLevel:1 ; High quality]]
[2023.04.14-21.50.47:192][  0]LogConfig: Setting CVar [[r.AnisotropicMaterials:1]]
[2023.04.14-21.50.47:192][  0]LogConfig: Setting CVar [[r.SSS.Scale:1]]
[2023.04.14-21.50.47:192][  0]LogConfig: Setting CVar [[r.SSS.SampleSet:2]]
[2023.04.14-21.50.47:192][  0]LogConfig: Setting CVar [[r.SSS.Quality:1]]
[2023.04.14-21.50.47:192][  0]LogConfig: Setting CVar [[r.SSS.HalfRes:0]]
[2023.04.14-21.50.47:192][  0]LogConfig: Setting CVar [[r.SSGI.Quality:3]]
[2023.04.14-21.50.47:192][  0]LogConfig: Setting CVar [[r.EmitterSpawnRateScale:1.0]]
[2023.04.14-21.50.47:192][  0]LogConfig: Setting CVar [[r.ParticleLightQuality:2]]
[2023.04.14-21.50.47:192][  0]LogConfig: Setting CVar [[r.SkyAtmosphere.AerialPerspectiveLUT.FastApplyOnOpaque:1 ; Always have FastSkyLUT 1 in this case to avoid wrong sky]]
[2023.04.14-21.50.47:192][  0]LogConfig: Setting CVar [[r.SkyAtmosphere.AerialPerspectiveLUT.SampleCountMaxPerSlice:4]]
[2023.04.14-21.50.47:192][  0]LogConfig: Setting CVar [[r.SkyAtmosphere.AerialPerspectiveLUT.DepthResolution:16.0]]
[2023.04.14-21.50.47:192][  0]LogConfig: Setting CVar [[r.SkyAtmosphere.FastSkyLUT:1]]
[2023.04.14-21.50.47:192][  0]LogConfig: Setting CVar [[r.SkyAtmosphere.FastSkyLUT.SampleCountMin:4.0]]
[2023.04.14-21.50.47:192][  0]LogConfig: Setting CVar [[r.SkyAtmosphere.FastSkyLUT.SampleCountMax:128.0]]
[2023.04.14-21.50.47:192][  0]LogConfig: Setting CVar [[r.SkyAtmosphere.SampleCountMin:4.0]]
[2023.04.14-21.50.47:192][  0]LogConfig: Setting CVar [[r.SkyAtmosphere.SampleCountMax:128.0]]
[2023.04.14-21.50.47:192][  0]LogConfig: Setting CVar [[r.SkyAtmosphere.TransmittanceLUT.UseSmallFormat:0]]
[2023.04.14-21.50.47:192][  0]LogConfig: Setting CVar [[r.SkyAtmosphere.TransmittanceLUT.SampleCount:10.0]]
[2023.04.14-21.50.47:192][  0]LogConfig: Setting CVar [[r.SkyAtmosphere.MultiScatteringLUT.SampleCount:15.0]]
[2023.04.14-21.50.47:192][  0]LogConfig: Setting CVar [[r.SkyLight.RealTimeReflectionCapture:1]]
[2023.04.14-21.50.47:192][  0]LogConfig: Applying CVar settings from Section [FoliageQuality@3] File [D:/Projekty/UE5/ZadRekrutacyjne/Saved/Config/Windows/Scalability.ini]
[2023.04.14-21.50.47:192][  0]LogConfig: Setting CVar [[foliage.DensityScale:1.0]]
[2023.04.14-21.50.47:192][  0]LogConfig: Setting CVar [[grass.DensityScale:1.0]]
[2023.04.14-21.50.47:192][  0]LogConfig: Applying CVar settings from Section [ShadingQuality@3] File [D:/Projekty/UE5/ZadRekrutacyjne/Saved/Config/Windows/Scalability.ini]
[2023.04.14-21.50.47:192][  0]LogConfig: Setting CVar [[r.HairStrands.SkyLighting.IntegrationType:2]]
[2023.04.14-21.50.47:192][  0]LogConfig: Setting CVar [[r.HairStrands.SkyAO.SampleCount:4]]
[2023.04.14-21.50.47:192][  0]LogConfig: Setting CVar [[r.HairStrands.Visibility.MSAA.SamplePerPixel:4]]
[2023.04.14-21.50.47:192][  0]LogConfig: Applying CVar settings from Section [Startup] File [../../../Engine/Config/ConsoleVariables.ini]
[2023.04.14-21.50.47:192][  0]LogConfig: Setting CVar [[net.UseAdaptiveNetUpdateFrequency:0]]
[2023.04.14-21.50.47:192][  0]LogConfig: Setting CVar [[p.chaos.AllowCreatePhysxBodies:1]]
[2023.04.14-21.50.47:192][  0]LogConfig: Setting CVar [[fx.SkipVectorVMBackendOptimizations:1]]
[2023.04.14-21.50.47:192][  0]LogConfig: Applying CVar settings from Section [ConsoleVariables] File [D:/Projekty/UE5/ZadRekrutacyjne/Saved/Config/Windows/Engine.ini]
[2023.04.14-21.50.47:192][  0]LogConfig: Applying CVar settings from Section [ConsoleVariables] File [D:/Projekty/UE5/ZadRekrutacyjne/Saved/Config/Windows/Editor.ini]
[2023.04.14-21.50.47:192][  0]LogInit: Computer: DESKTOP-8V2VE2E
[2023.04.14-21.50.47:192][  0]LogInit: User: Maox
[2023.04.14-21.50.47:192][  0]LogInit: CPU Page size=4096, Cores=12
[2023.04.14-21.50.47:192][  0]LogInit: High frequency timer resolution =10.000000 MHz
[2023.04.14-21.50.47:192][  0]LogMemory: Memory total: Physical=31.8GB (32GB approx)
[2023.04.14-21.50.47:192][  0]LogMemory: Platform Memory Stats for Windows
[2023.04.14-21.50.47:192][  0]LogMemory: Process Physical Memory: 143.12 MB used, 143.12 MB peak
[2023.04.14-21.50.47:192][  0]LogMemory: Process Virtual Memory: 128.52 MB used, 128.52 MB peak
[2023.04.14-21.50.47:192][  0]LogMemory: Physical Memory: 8681.25 MB used,  23928.32 MB free, 32609.57 MB total
[2023.04.14-21.50.47:192][  0]LogMemory: Virtual Memory: 134192416.00 MB used,  25311.11 MB free, 134217728.00 MB total
[2023.04.14-21.50.47:196][  0]LogWindows: WindowsPlatformFeatures enabled
[2023.04.14-21.50.47:221][  0]LogInit: Physics initialised using underlying interface: PhysX
[2023.04.14-21.50.47:221][  0]LogInit: Using OS detected language (pl-PL).
[2023.04.14-21.50.47:221][  0]LogInit: Using OS detected locale (pl-PL).
[2023.04.14-21.50.47:222][  0]LogTextLocalizationManager: No specific localization for 'pl-PL' exists, so the 'pl' localization will be used.
[2023.04.14-21.50.47:223][  0]LogTextLocalizationResource: LocRes '../../../Engine/Content/Localization/Editor/pl/Editor.locres' could not be opened for reading!
[2023.04.14-21.50.47:223][  0]LogTextLocalizationResource: LocRes '../../../Engine/Content/Localization/EditorTutorials/pl/EditorTutorials.locres' could not be opened for reading!
[2023.04.14-21.50.47:223][  0]LogTextLocalizationResource: LocRes '../../../Engine/Content/Localization/Keywords/pl/Keywords.locres' could not be opened for reading!
[2023.04.14-21.50.47:223][  0]LogTextLocalizationResource: LocRes '../../../Engine/Content/Localization/Category/pl/Category.locres' could not be opened for reading!
[2023.04.14-21.50.47:223][  0]LogTextLocalizationResource: LocRes '../../../Engine/Content/Localization/ToolTips/pl/ToolTips.locres' could not be opened for reading!
[2023.04.14-21.50.47:223][  0]LogTextLocalizationResource: LocRes '../../../Engine/Content/Localization/PropertyNames/pl/PropertyNames.locres' could not be opened for reading!
[2023.04.14-21.50.47:223][  0]LogTextLocalizationResource: LocRes '../../../Engine/Content/Localization/Engine/pl/Engine.locres' could not be opened for reading!
[2023.04.14-21.50.47:444][  0]LogTargetPlatformManager: Display: Loaded TargetPlatform 'AllDesktop'
[2023.04.14-21.50.47:456][  0]LogTargetPlatformManager: Display: Loaded TargetPlatform 'Android'
[2023.04.14-21.50.47:456][  0]LogTargetPlatformManager: Display: Loaded TargetPlatform 'Android_ASTC'
[2023.04.14-21.50.47:456][  0]LogTargetPlatformManager: Display: Loaded TargetPlatform 'Android_DXT'
[2023.04.14-21.50.47:456][  0]LogTargetPlatformManager: Display: Loaded TargetPlatform 'Android_ETC2'
[2023.04.14-21.50.47:456][  0]LogTargetPlatformManager: Display: Loaded TargetPlatform 'AndroidClient'
[2023.04.14-21.50.47:456][  0]LogTargetPlatformManager: Display: Loaded TargetPlatform 'Android_ASTCClient'
[2023.04.14-21.50.47:456][  0]LogTargetPlatformManager: Display: Loaded TargetPlatform 'Android_DXTClient'
[2023.04.14-21.50.47:456][  0]LogTargetPlatformManager: Display: Loaded TargetPlatform 'Android_ETC2Client'
[2023.04.14-21.50.47:456][  0]LogTargetPlatformManager: Display: Loaded TargetPlatform 'Android_Multi'
[2023.04.14-21.50.47:456][  0]LogTargetPlatformManager: Display: Loaded TargetPlatform 'Android_MultiClient'
[2023.04.14-21.50.47:465][  0]LogTargetPlatformManager: Display: Loaded TargetPlatform 'IOSClient'
[2023.04.14-21.50.47:465][  0]LogTargetPlatformManager: Display: Loaded TargetPlatform 'IOS'
[2023.04.14-21.50.47:470][  0]LogTargetPlatformManager: Display: Loaded TargetPlatform 'Linux'
[2023.04.14-21.50.47:473][  0]LogTargetPlatformManager: Display: Loaded TargetPlatform 'LinuxNoEditor'
[2023.04.14-21.50.47:475][  0]LogTargetPlatformManager: Display: Loaded TargetPlatform 'LinuxClient'
[2023.04.14-21.50.47:478][  0]LogTargetPlatformManager: Display: Loaded TargetPlatform 'LinuxServer'
[2023.04.14-21.50.47:483][  0]LogTargetPlatformManager: Display: Loaded TargetPlatform 'LinuxAArch64NoEditor'
[2023.04.14-21.50.47:486][  0]LogTargetPlatformManager: Display: Loaded TargetPlatform 'LinuxAArch64Client'
[2023.04.14-21.50.47:488][  0]LogTargetPlatformManager: Display: Loaded TargetPlatform 'LinuxAArch64Server'
[2023.04.14-21.50.47:500][  0]LogTargetPlatformManager: Display: Loaded TargetPlatform 'Lumin'
[2023.04.14-21.50.47:500][  0]LogTargetPlatformManager: Display: Loaded TargetPlatform 'LuminClient'
[2023.04.14-21.50.47:505][  0]LogTargetPlatformManager: Display: Loaded TargetPlatform 'MacNoEditor'
[2023.04.14-21.50.47:507][  0]LogTargetPlatformManager: Display: Loaded TargetPlatform 'Mac'
[2023.04.14-21.50.47:510][  0]LogTargetPlatformManager: Display: Loaded TargetPlatform 'MacClient'
[2023.04.14-21.50.47:512][  0]LogTargetPlatformManager: Display: Loaded TargetPlatform 'MacServer'
[2023.04.14-21.50.47:518][  0]LogTargetPlatformManager: Display: Loaded TargetPlatform 'TVOSClient'
[2023.04.14-21.50.47:518][  0]LogTargetPlatformManager: Display: Loaded TargetPlatform 'TVOS'
[2023.04.14-21.50.47:522][  0]LogTargetPlatformManager: Display: Loaded TargetPlatform 'WindowsNoEditor'
[2023.04.14-21.50.47:525][  0]LogTargetPlatformManager: Display: Loaded TargetPlatform 'Windows'
[2023.04.14-21.50.47:528][  0]LogTargetPlatformManager: Display: Loaded TargetPlatform 'WindowsClient'
[2023.04.14-21.50.47:530][  0]LogTargetPlatformManager: Display: Loaded TargetPlatform 'WindowsServer'
[2023.04.14-21.50.47:530][  0]LogTargetPlatformManager: Display: Building Assets For Windows
[2023.04.14-21.50.47:534][  0]LogAudioDebug: Display: Lib vorbis DLL was dynamically loaded.
[2023.04.14-21.50.47:550][  0]LogTextureFormatOodle: Display: Oodle Texture 2.9.0 init RDO Off
[2023.04.14-21.50.47:569][  0]LogRendererCore: Ray tracing is disabled. Reason: r.RayTracing=0.
[2023.04.14-21.50.47:569][  0]LogDerivedDataCache: Display: Max Cache Size: 512 MB
[2023.04.14-21.50.47:569][  0]LogDerivedDataCache: Display: Starting with empty Boot cache
[2023.04.14-21.50.47:569][  0]LogDerivedDataCache: FDerivedDataBackendGraph:  Pak pak cache file ../../../../../Projekty/UE5/ZadRekrutacyjne/DerivedDataCache/DDC.ddp not found, will not use a pak cache.
[2023.04.14-21.50.47:569][  0]LogDerivedDataCache: Unable to find inner node Pak for hierarchical cache Hierarchy.
[2023.04.14-21.50.47:571][  0]LogDerivedDataCache: Speed tests for ../../../Engine/DerivedDataCache took 0.00 seconds
[2023.04.14-21.50.47:571][  0]LogDerivedDataCache: Display: Performance to ../../../Engine/DerivedDataCache: Latency=0.00ms. RandomReadSpeed=2057.29MBs, RandomWriteSpeed=598.10MBs. Assigned SpeedClass 'Local'
[2023.04.14-21.50.47:572][  0]LogDerivedDataCache: Using Local data cache path ../../../Engine/DerivedDataCache: Writable
[2023.04.14-21.50.47:576][  0]LogAssetRegistry: FAssetRegistry took 0.0010 seconds to start up
[2023.04.14-21.50.47:707][  0]LogInit: Selected Device Profile: [Windows]
[2023.04.14-21.50.47:707][  0]LogInit: Active device profile: [000002BE93099500][000002BE90854180 49] Windows
[2023.04.14-21.50.47:707][  0]LogInit: Profiles: [000002BE93099500][000002BE90854180 49] Windows, [000002BE9303A600][000002BE85748300 49] WindowsNoEditor, [000002BE93099400][000002BE8573E440 49] WindowsServer, [000002BE93099700][000002BE8574C580 49] WindowsClient, [000002BE9301FE00][000002BE864D46C0 49] IOS, [000002BE9303BA00][000002BE864D8800 49] iPadAir, [000002BE9301F100][000002BE864E0980 49] iPadAir2, [000002BE92FD4700][000002BE864EEC40 49] IPadPro, [000002BE92FD4800][000002BE864E4C80 49] iPadAir3, [000002BE9303BC00][000002BE864F8E00 49] iPadAir4, [000002BE92FD5400][000002BE91746F80 49] iPadMini2, [000002BE93038700][000002BE9174B100 49] iPadMini3, [000002BE92FD6F00][000002BE9174F280 49] iPadMini4, [000002BE93039100][000002BE91753400 49] iPadMini5, [000002BE92FD3E00][000002BE9175B6C0 49] iPhone6, [000002BE92FD3F00][000002BE91757700 49] iPodTouch6, [000002BE93098100][000002BE917639C0 49] iPhone7, [000002BE9301F000][000002BE9175FA00 49] iPodTouch7, [000002BE92FD5B00][000002BE91767B80 49] iPhone5S, [000002BE9301EC00][000002BE9176A180 49] iPhone6Plus, [000002BE92FD6800][000002BE9072E300 49] iPhone6S, [000002BE9301E200][000002BE90732480 49] iPhone6SPlus, [000002BE92FD6700][000002BE864DC5C0 49] iPhone7Plus, [000002BE92FD5500][000002BE90736700 49] iPhoneSE, [000002BE92FD3A00][000002BE9073A840 49] iPhone8, [000002BE92FD7800][000002BE9073E980 49] iPhone8Plus, [000002BE92FD1E00][000002BE90746B00 49] iPhoneX, [000002BE92FD3B00][000002BE9074AC80 49] iPhoneXS, [000002BE9301DC00][000002BE9074EE00 49] iPhoneXSMax, [000002BE92FD3D00][000002BE90752F80 49] iPhoneXR, [000002BE9301F300][000002BE90757100 49] iPhone11, [000002BE92FD7E00][000002BE9075B280 49] iPhone11Pro, [000002BE9301F700][000002BE9075F400 49] iPhone11ProMax, [000002BE92FD6C00][000002BE90763580 49] iPhoneSE2, [000002BE9301D600][000002BE91471700 49] iPhone12Mini, [000002BE92FD4500][000002BE91475880 49] iPhone12, [000002BE9301CD00][000002BE91479A00 49] iPhone12Pro, [000002BE92FD7400][000002BE9147DB80 49] iPhone12ProMax, [000002BE9301DF00][000002BE91480180 49] iPadPro105, [000002BE92FD5300][000002BE91484300 49] iPadPro129, [000002BE9301DD00][000002BE91488480 49] iPadPro97, [000002BE92FD6600][000002BE9148C600 49] iPadPro2_129, [000002BE9301C200][000002BE91490780 49] iPad5, [000002BE92FD7B00][000002BE907428C0 49] iPad6, [000002BE9301D000][000002BE91494A00 49] iPad7, [000002BE92FD5F00][000002BE91498B40 49] iPad8, [000002BE9301C500][000002BE914A0CC0 49] iPadPro11, [000002BE92FD5E00][000002BE914A4E40 49] iPadPro2_11, [000002BE9301EE00][000002BE914A8FC0 49] iPadPro3_129, [000002BE92FD4600][000002BE914AD140 49] iPadPro4_129, [000002BE9301EF00][000002BE914B12C0 49] AppleTV, [000002BE92FD5700][000002BE914B5440 49] AppleTV4K, [000002BE9301D400][000002BE914B95C0 49] TVOS, [000002BE92FD4A00][000002BE914BD740 49] Mac, [000002BE9301F400][000002BE914C18C0 49] MacClient, [000002BE92FD7500][000002BE914C5A40 49] MacNoEditor, [000002BE9301F800][000002BE914C9BC0 49] MacServer, [000002BE92FD5100][000002BE914CC1C0 49] Linux, [000002BE9301E800][000002BE914D0340 49] LinuxAArch64, [000002BE92FD6100][000002BE914D44C0 49] LinuxNoEditor, [000002BE9301E300][000002BE914D8640 49] LinuxAArch64NoEditor, [000002BE92FD6400][000002BE914DC7C0 49] LinuxClient, [000002BE9301E100][000002BE914E0940 49] LinuxAArch64Client, [000002BE92FD4900][000002BE9149CA80 49] LinuxServer, [000002BE9301DB00][000002BE914E4BC0 49] LinuxAArch64Server, [000002BE92FD4F00][000002BE914E8D00 49] Android, [000002BE9301E500][000002BE925C2E40 49] Android_Low, [000002BE92FD7100][000002BE925CAFC0 49] Android_Mid, [000002BE9301E700][000002BE925CF140 49] Android_High, [000002BE92FD6A00][000002BE925D32C0 49] Android_Default, [000002BE9301E900][000002BE925D7440 49] Android_Adreno4xx, [000002BE92FD4200][000002BE925DB5C0 49] Android_Adreno5xx_Low, [000002BE9301FB00][000002BE925DF740 49] Android_Adreno5xx, [000002BE92FD4B00][000002BE925E38C0 49] Android_Adreno6xx, [000002BE9301CF00][000002BE925E7A40 49] Android_Adreno6xx_Vulkan, [000002BE92FD7300][000002BE925EBBC0 49] Android_Mali_T6xx, [000002BE9301F600][000002BE925EE1C0 49] Android_Mali_T7xx, [000002BE92FD1B00][000002BE925F2340 49] Android_Mali_T8xx, [000002BE93098500][000002BE925F64C0 49] Android_Mali_G71, [000002BE92FD0600][000002BE925FA640 49] Android_Mali_G72, [000002BE93098600][000002BE925FE7C0 49] Android_Mali_G72_Vulkan, [000002BE92FD0800][000002BE92602940 49] Android_Mali_G76, [000002BE93098800][000002BE92606AC0 49] Android_Mali_G76_Vulkan, [000002BE92FD2200][000002BE925C6C00 49] Android_Mali_G77, [000002BE9309AB00][000002BE9260AD40 49] Android_Mali_G77_Vulkan, [000002BE92FD1300][000002BE9260EE80 49] Android_Mali_G78, [000002BE93099800][000002BE92612FC0 49] Android_Mali_G78_Vulkan, [000002BE92FD2A00][000002BE9261B140 49] Android_Mali_G710, [000002BE9309A800][000002BE9261F2C0 49] Android_Mali_G710_Vulkan, [000002BE92FD0A00][000002BE92623440 49] Android_Vulkan_SM5, [000002BE93099D00][000002BE926275C0 49] Android_PowerVR_G6xxx, [000002BE92FD1A00][000002BE9262B740 49] Android_PowerVR_GT7xxx, [000002BE9309B300][000002BE9262F8C0 49] Android_PowerVR_GE8xxx, [000002BE92FD3700][000002BE92633A40 49] Android_PowerVR_GM9xxx, [000002BE93099200][000002BE92637BC0 49] Android_PowerVR_GM9xxx_Vulkan, [000002BE92FD3400][000002BE9263A1C0 49] Android_TegraK1, [000002BE9309A300][000002BE9263E340 49] Android_Unknown_Vulkan, [000002BE92FD2000][000002BE926424C0 49] Lumin, [000002BE9309A000][000002BE92646640 49] Lumin_Desktop, [000002BE92FD0B00][000002BE9264A7C0 49] HoloLens, 
[2023.04.14-21.50.47:726][  0]LogMeshReduction: Using QuadricMeshReduction for automatic static mesh reduction
[2023.04.14-21.50.47:726][  0]LogMeshReduction: Using SimplygonMeshReduction for automatic skeletal mesh reduction
[2023.04.14-21.50.47:726][  0]LogMeshReduction: Using ProxyLODMeshReduction for automatic mesh merging
[2023.04.14-21.50.47:726][  0]LogMeshReduction: No distributed automatic mesh merging module available
[2023.04.14-21.50.47:726][  0]LogMeshMerging: No distributed automatic mesh merging module available
[2023.04.14-21.50.47:730][  0]LogNetVersion: ZadRekrutacyjne 1.0.0, NetCL: 17155196, EngineNetVer: 17, GameNetVer: 0 (Checksum: 3629584095)
[2023.04.14-21.50.47:813][  0]LogHMD: PokeAHoleMaterial loaded successfully
[2023.04.14-21.50.47:867][  0]LogCollectionManager: Loaded 0 collections in 0.000385 seconds
[2023.04.14-21.50.47:868][  0]LogFileCache: Scanning file cache for directory 'D:/Projekty/UE5/ZadRekrutacyjne/Saved/Collections/' took 0.00s
[2023.04.14-21.50.47:869][  0]LogFileCache: Scanning file cache for directory 'D:/Projekty/UE5/ZadRekrutacyjne/Content/Developers/Maox/Collections/' took 0.00s
[2023.04.14-21.50.47:869][  0]LogFileCache: Scanning file cache for directory 'D:/Projekty/UE5/ZadRekrutacyjne/Content/Collections/' took 0.00s
[2023.04.14-21.50.47:869][  0]LogCollectionManager: Fixed up redirectors for 0 collections in 0.000001 seconds (updated 0 objects)
[2023.04.14-21.50.47:937][  0]LogNiagaraDebuggerClient: Niagara Debugger Client Initialized | Session: 6CB58B3A43F9269B1275029659E251B3 | Instance: E9C1ADF745EFF77453BC4B80DBDBD29C (DESKTOP-8V2VE2E-16696).
[2023.04.14-21.50.47:990][  0]LogPython: Using Python 3.7.7
[2023.04.14-21.50.48:356][  0]SourceControl: Source control is disabled
[2023.04.14-21.50.48:356][  0]SourceControl: Source control is disabled
[2023.04.14-21.50.48:358][  0]SourceControl: Source control is disabled
[2023.04.14-21.50.48:360][  0]SourceControl: Source control is disabled
[2023.04.14-21.50.48:363][  0]SourceControl: Source control is disabled
[2023.04.14-21.50.48:366][  0]LogUProjectInfo: Found projects:
[2023.04.14-21.50.48:465][  0]LogOpenImageDenoise: OIDN starting up
[2023.04.14-21.50.48:484][  0]LogAudioCaptureCore: Display: No Audio Capture implementations found. Audio input will be silent.
[2023.04.14-21.50.48:484][  0]LogAudioCaptureCore: Display: No Audio Capture implementations found. Audio input will be silent.
[2023.04.14-21.50.48:488][  0]LogAndroidPermission: UAndroidPermissionCallbackProxy::GetInstance
[2023.04.14-21.50.48:571][  0]LogOcInput: OculusInput pre-init called
[2023.04.14-21.50.48:592][  0]LogUObjectArray: 23074 objects as part of root set at end of initial load.
[2023.04.14-21.50.48:592][  0]LogUObjectAllocator: 6375680 out of 0 bytes used by permanent object pool.
[2023.04.14-21.50.48:592][  0]LogUObjectArray: CloseDisregardForGC: 0/0 objects in disregard for GC pool
[2023.04.14-21.50.48:594][  0]LogInit: Error: VisualStudioToolsCommandlet looked like a commandlet, but we could not find the class.
[2023.04.14-21.50.48:594][  0]LogCore: Engine exit requested (reason: Failed to find commandlet class VisualStudioToolsCommandlet)
[2023.04.14-21.50.48:594][  0]LogCore: Engine exit requested (reason: EngineExit() was called; note: exit was already requested)
[2023.04.14-21.50.48:594][  0]LogExit: Preparing to exit.
[2023.04.14-21.50.48:604][  0]LogUObjectHash: Compacting FUObjectHashTables data took   0.39ms
[2023.04.14-21.50.48:636][  0]LogDemo: Cleaned up 0 splitscreen connections with owner deletion
[2023.04.14-21.50.48:657][  0]LogExit: Object subsystem successfully closed.
[2023.04.14-21.50.48:672][  0]LogModuleManager: Shutting down and abandoning module AudioSynesthesiaEditor (594)
[2023.04.14-21.50.48:672][  0]LogModuleManager: Shutting down and abandoning module OculusEditor (592)
[2023.04.14-21.50.48:672][  0]LogModuleManager: Shutting down and abandoning module OculusInput (590)
[2023.04.14-21.50.48:672][  0]LogModuleManager: Shutting down and abandoning module ContentBrowserFileDataSource (588)
[2023.04.14-21.50.48:672][  0]LogModuleManager: Shutting down and abandoning module ContentBrowserClassDataSource (586)
[2023.04.14-21.50.48:672][  0]LogModuleManager: Shutting down and abandoning module ContentBrowserAssetDataSource (584)
[2023.04.14-21.50.48:672][  0]LogModuleManager: Shutting down and abandoning module ToolMenus (583)
[2023.04.14-21.50.48:672][  0]LogModuleManager: Shutting down and abandoning module VariantManagerContentEditor (580)
[2023.04.14-21.50.48:672][  0]LogModuleManager: Shutting down and abandoning module ScreenshotTools (578)
[2023.04.14-21.50.48:672][  0]LogModuleManager: Shutting down and abandoning module DatasmithContentEditor (576)
[2023.04.14-21.50.48:672][  0]LogModuleManager: Shutting down and abandoning module TakeSequencer (574)
[2023.04.14-21.50.48:672][  0]LogModuleManager: Shutting down and abandoning module TakeMovieScene (572)
[2023.04.14-21.50.48:672][  0]LogModuleManager: Shutting down and abandoning module SynthesisEditor (570)
[2023.04.14-21.50.48:672][  0]LogModuleManager: Shutting down and abandoning module Synthesis (568)
[2023.04.14-21.50.48:672][  0]LogModuleManager: Shutting down and abandoning module ProceduralMeshComponentEditor (566)
[2023.04.14-21.50.48:672][  0]LogModuleManager: Shutting down and abandoning module ProceduralMeshComponent (564)
[2023.04.14-21.50.48:672][  0]LogModuleManager: Shutting down and abandoning module OpenXREditor (562)
[2023.04.14-21.50.48:672][  0]LogModuleManager: Shutting down and abandoning module MobilePatchingUtils (560)
[2023.04.14-21.50.48:672][  0]LogModuleManager: Shutting down and abandoning module CustomMeshComponent (558)
[2023.04.14-21.50.48:672][  0]LogModuleManager: Shutting down and abandoning module GooglePAD (556)
[2023.04.14-21.50.48:672][  0]LogModuleManager: Shutting down and abandoning module AssetTags (554)
[2023.04.14-21.50.48:672][  0]LogModuleManager: Shutting down and abandoning module ArchVisCharacter (552)
[2023.04.14-21.50.48:672][  0]LogModuleManager: Shutting down and abandoning module EditableMesh (550)
[2023.04.14-21.50.48:672][  0]LogModuleManager: Shutting down and abandoning module CableComponent (548)
[2023.04.14-21.50.48:672][  0]LogModuleManager: Shutting down and abandoning module AndroidPermission (546)
[2023.04.14-21.50.48:672][  0]LogModuleManager: Shutting down and abandoning module AudioCapture (544)
[2023.04.14-21.50.48:672][  0]LogModuleManager: Shutting down and abandoning module AudioCaptureRtAudio (543)
[2023.04.14-21.50.48:672][  0]LogModuleManager: Shutting down and abandoning module AppleImageUtilsBlueprintSupport (540)
[2023.04.14-21.50.48:672][  0]LogModuleManager: Shutting down and abandoning module AppleImageUtils (538)
[2023.04.14-21.50.48:672][  0]LogModuleManager: Shutting down and abandoning module ActorLayerUtilitiesEditor (536)
[2023.04.14-21.50.48:672][  0]LogModuleManager: Shutting down and abandoning module ActorLayerUtilities (534)
[2023.04.14-21.50.48:672][  0]LogModuleManager: Shutting down and abandoning module TemplateSequence (532)
[2023.04.14-21.50.48:672][  0]LogModuleManager: Shutting down and abandoning module MagicLeapLightEstimation (530)
[2023.04.14-21.50.48:672][  0]LogModuleManager: Shutting down and abandoning module MediaCompositing (528)
[2023.04.14-21.50.48:672][  0]LogModuleManager: Shutting down and abandoning module MotoSynthEditor (526)
[2023.04.14-21.50.48:672][  0]LogModuleManager: Shutting down and abandoning module MotoSynth (524)
[2023.04.14-21.50.48:672][  0]LogModuleManager: Shutting down and abandoning module OpenImageDenoise (522)
[2023.04.14-21.50.48:672][  0]LogOpenImageDenoise: OIDN shutting down
[2023.04.14-21.50.48:672][  0]LogModuleManager: Shutting down and abandoning module MeshConversion (520)
[2023.04.14-21.50.48:672][  0]LogModuleManager: Shutting down and abandoning module DynamicMesh (518)
[2023.04.14-21.50.48:672][  0]LogModuleManager: Shutting down and abandoning module GeometryAlgorithms (516)
[2023.04.14-21.50.48:672][  0]LogModuleManager: Shutting down and abandoning module GeometricObjects (514)
[2023.04.14-21.50.48:672][  0]LogModuleManager: Shutting down and abandoning module MagicLeapSharedWorld (512)
[2023.04.14-21.50.48:672][  0]LogModuleManager: Shutting down and abandoning module GeometryCollectionTracks (510)
[2023.04.14-21.50.48:672][  0]LogModuleManager: Shutting down and abandoning module GeometryCollectionSequencer (509)
[2023.04.14-21.50.48:672][  0]LogModuleManager: Shutting down and abandoning module GeometryCollectionEditor (506)
[2023.04.14-21.50.48:672][  0]LogModuleManager: Shutting down and abandoning module MagicLeapHelperVulkan (504)
[2023.04.14-21.50.48:672][  0]LogModuleManager: Shutting down and abandoning module MagicLeapHelperOpenGL (502)
[2023.04.14-21.50.48:672][  0]LogModuleManager: Shutting down and abandoning module MagicLeapAudio (500)
[2023.04.14-21.50.48:672][  0]LogModuleManager: Shutting down and abandoning module GeometryCacheTracks (498)
[2023.04.14-21.50.48:672][  0]LogModuleManager: Shutting down and abandoning module GeometryCacheStreamer (496)
[2023.04.14-21.50.48:672][  0]LogModuleManager: Shutting down and abandoning module GeometryCacheSequencer (494)
[2023.04.14-21.50.48:672][  0]LogModuleManager: Shutting down and abandoning module ChaosNiagara (492)
[2023.04.14-21.50.48:672][  0]LogModuleManager: Shutting down and abandoning module FractureEditor (490)
[2023.04.14-21.50.48:672][  0]LogModuleManager: Shutting down and abandoning module ChaosSolverEditor (488)
[2023.04.14-21.50.48:672][  0]LogModuleManager: Shutting down and abandoning module FieldSystemEngine (487)
[2023.04.14-21.50.48:672][  0]LogModuleManager: Shutting down and abandoning module ChaosClothEditor (484)
[2023.04.14-21.50.48:672][  0]LogModuleManager: Shutting down and abandoning module AutomationUtilsEditor (482)
[2023.04.14-21.50.48:672][  0]LogModuleManager: Shutting down and abandoning module AutomationUtils (480)
[2023.04.14-21.50.48:672][  0]LogModuleManager: Shutting down and abandoning module AlembicImporter (478)
[2023.04.14-21.50.48:672][  0]LogModuleManager: Shutting down and abandoning module AlembicLibrary (477)
[2023.04.14-21.50.48:672][  0]LogModuleManager: Shutting down and abandoning module GeometryCache (476)
[2023.04.14-21.50.48:672][  0]LogModuleManager: Shutting down and abandoning module GeometryCacheEd (475)
[2023.04.14-21.50.48:672][  0]LogModuleManager: Shutting down and abandoning module NiagaraEditorWidgets (470)
[2023.04.14-21.50.48:672][  0]LogModuleManager: Shutting down and abandoning module PluginBrowser (468)
[2023.04.14-21.50.48:673][  0]LogModuleManager: Shutting down and abandoning module MobileLauncherProfileWizard (466)
[2023.04.14-21.50.48:673][  0]LogModuleManager: Shutting down and abandoning module SpeedTreeImporter (464)
[2023.04.14-21.50.48:673][  0]LogModuleManager: Shutting down and abandoning module MaterialAnalyzer (462)
[2023.04.14-21.50.48:673][  0]LogModuleManager: Shutting down and abandoning module CurveEditorTools (460)
[2023.04.14-21.50.48:673][  0]LogModuleManager: Shutting down and abandoning module CryptoKeysOpenSSL (458)
[2023.04.14-21.50.48:673][  0]LogModuleManager: Shutting down and abandoning module CryptoKeys (456)
[2023.04.14-21.50.48:673][  0]LogModuleManager: Shutting down and abandoning module VisualStudioSourceCodeAccess (454)
[2023.04.14-21.50.48:673][  0]LogModuleManager: Shutting down and abandoning module VisualStudioCodeSourceCodeAccess (452)
[2023.04.14-21.50.48:673][  0]LogModuleManager: Shutting down and abandoning module UObjectPlugin (450)
[2023.04.14-21.50.48:673][  0]LogModuleManager: Shutting down and abandoning module SubversionSourceControl (448)
[2023.04.14-21.50.48:673][  0]LogModuleManager: Shutting down and abandoning module PluginUtils (446)
[2023.04.14-21.50.48:673][  0]LogModuleManager: Shutting down and abandoning module PlasticSourceControl (444)
[2023.04.14-21.50.48:673][  0]LogModuleManager: Shutting down and abandoning module PerforceSourceControl (442)
[2023.04.14-21.50.48:673][  0]LogModuleManager: Shutting down and abandoning module GitSourceControl (440)
[2023.04.14-21.50.48:673][  0]LogModuleManager: Shutting down and abandoning module SourceControl (439)
[2023.04.14-21.50.48:673][  0]LogModuleManager: Shutting down and abandoning module AnimationSharingEd (436)
[2023.04.14-21.50.48:673][  0]LogModuleManager: Shutting down and abandoning module CLionSourceCodeAccess (434)
[2023.04.14-21.50.48:673][  0]LogModuleManager: Shutting down and abandoning module LightPropagationVolumeEditor (432)
[2023.04.14-21.50.48:673][  0]LogModuleManager: Shutting down and abandoning module OodleNetworkHandlerComponent (430)
[2023.04.14-21.50.48:673][  0]LogModuleManager: Shutting down and abandoning module LiveLinkSequencer (428)
[2023.04.14-21.50.48:673][  0]LogModuleManager: Shutting down and abandoning module LiveLinkMovieScene (426)
[2023.04.14-21.50.48:673][  0]LogModuleManager: Shutting down and abandoning module LiveLinkGraphNode (424)
[2023.04.14-21.50.48:673][  0]LogModuleManager: Shutting down and abandoning module LiveLinkEditor (422)
[2023.04.14-21.50.48:673][  0]LogModuleManager: Shutting down and abandoning module LiveLinkComponents (420)
[2023.04.14-21.50.48:673][  0]LogModuleManager: Shutting down and abandoning module LiveLink (418)
[2023.04.14-21.50.49:320][  0]LogModuleManager: Shutting down and abandoning module PaperTiledImporter (416)
[2023.04.14-21.50.49:320][  0]LogModuleManager: Shutting down and abandoning module PaperSpriteSheetImporter (414)
[2023.04.14-21.50.49:320][  0]LogModuleManager: Shutting down and abandoning module Paper2DEditor (412)
[2023.04.14-21.50.49:320][  0]LogModuleManager: Shutting down and abandoning module MeshPaintingToolset (410)
[2023.04.14-21.50.49:320][  0]LogModuleManager: Shutting down and abandoning module MeshPaintEditorMode (408)
[2023.04.14-21.50.49:320][  0]LogModuleManager: Shutting down and abandoning module ZadRekrutacyjne (406)
[2023.04.14-21.50.49:320][  0]LogModuleManager: Shutting down and abandoning module SignificanceManager (404)
[2023.04.14-21.50.49:320][  0]LogModuleManager: Shutting down and abandoning module SoundFields (402)
[2023.04.14-21.50.49:320][  0]LogModuleManager: Shutting down and abandoning module RuntimePhysXCooking (400)
[2023.04.14-21.50.49:320][  0]LogModuleManager: Shutting down and abandoning module PropertyAccessEditor (398)
[2023.04.14-21.50.49:320][  0]LogModuleManager: Shutting down and abandoning module PhysXVehiclesEditor (396)
[2023.04.14-21.50.49:320][  0]LogModuleManager: Shutting down and abandoning module LocationServicesBPLibrary (392)
[2023.04.14-21.50.49:320][  0]LogModuleManager: Shutting down and abandoning module AudioSynesthesia (390)
[2023.04.14-21.50.49:320][  0]LogModuleManager: Shutting down and abandoning module AudioSynesthesiaCore (388)
[2023.04.14-21.50.49:320][  0]LogModuleManager: Shutting down and abandoning module UdpMessaging (386)
[2023.04.14-21.50.49:320][  0]LogModuleManager: Shutting down and abandoning module TcpMessaging (384)
[2023.04.14-21.50.49:320][  0]LogModuleManager: Shutting down and abandoning module ActorSequence (382)
[2023.04.14-21.50.49:320][  0]LogModuleManager: Shutting down and abandoning module PythonScriptPlugin (380)
[2023.04.14-21.50.49:320][  0]LogModuleManager: Shutting down and abandoning module MagicLeapARPin (378)
[2023.04.14-21.50.49:320][  0]LogModuleManager: Shutting down and abandoning module MagicLeapHandMeshing (376)
[2023.04.14-21.50.49:320][  0]LogModuleManager: Shutting down and abandoning module MagicLeapSecureStorage (374)
[2023.04.14-21.50.49:320][  0]LogModuleManager: Shutting down and abandoning module MagicLeapPrivileges (372)
[2023.04.14-21.50.49:320][  0]LogModuleManager: Shutting down and abandoning module MagicLeapPlanes (370)
[2023.04.14-21.50.49:320][  0]LogMagicLeapPlanes: Planes tracker already destroyed.
[2023.04.14-21.50.49:320][  0]LogModuleManager: Shutting down and abandoning module MagicLeapImageTracker (368)
[2023.04.14-21.50.49:320][  0]LogModuleManager: Shutting down and abandoning module MagicLeapIdentity (366)
[2023.04.14-21.50.49:320][  0]LogModuleManager: Shutting down and abandoning module MagicLeapHandTracking (364)
[2023.04.14-21.50.49:320][  0]LogModuleManager: Shutting down and abandoning module MagicLeapEyeTracker (362)
[2023.04.14-21.50.49:320][  0]LogModuleManager: Shutting down and abandoning module MagicLeapController (360)
[2023.04.14-21.50.49:320][  0]LogModuleManager: Shutting down and abandoning module MagicLeapARPinImpl (358)
[2023.04.14-21.50.49:321][  0]LogModuleManager: Shutting down and abandoning module MagicLeapAR (356)
[2023.04.14-21.50.49:321][  0]LogModuleManager: Shutting down and abandoning module NiagaraAnimNotifies (354)
[2023.04.14-21.50.49:321][  0]LogModuleManager: Shutting down and abandoning module Niagara (352)
[2023.04.14-21.50.49:321][  0]LogModuleManager: Shutting down and abandoning module SignalProcessing (351)
[2023.04.14-21.50.49:321][  0]LogModuleManager: Shutting down and abandoning module NiagaraEditor (349)
[2023.04.14-21.50.49:321][  0]LogModuleManager: Shutting down and abandoning module NiagaraCore (346)
[2023.04.14-21.50.49:321][  0]LogModuleManager: Shutting down and abandoning module GameplayTagsEditor (344)
[2023.04.14-21.50.49:321][  0]LogModuleManager: Shutting down and abandoning module FacialAnimationEditor (342)
[2023.04.14-21.50.49:321][  0]LogModuleManager: Shutting down and abandoning module FacialAnimation (340)
[2023.04.14-21.50.49:321][  0]LogModuleManager: Shutting down and abandoning module DataValidation (338)
[2023.04.14-21.50.49:321][  0]LogModuleManager: Shutting down and abandoning module AssetManagerEditor (336)
[2023.04.14-21.50.49:321][  0]LogModuleManager: Shutting down and abandoning module TreeMap (335)
[2023.04.14-21.50.49:321][  0]LogModuleManager: Shutting down and abandoning module PropertyAccessNode (332)
[2023.04.14-21.50.49:321][  0]LogModuleManager: Shutting down and abandoning module AnimationSharing (330)
[2023.04.14-21.50.49:321][  0]LogModuleManager: Shutting down and abandoning module GameplayCameras (328)
[2023.04.14-21.50.49:321][  0]LogModuleManager: Shutting down and abandoning module LightPropagationVolumeRuntime (326)
[2023.04.14-21.50.49:321][  0]LogModuleManager: Shutting down and abandoning module Paper2D (324)
[2023.04.14-21.50.49:321][  0]LogModuleManager: Shutting down and abandoning module EnvironmentQueryEditor (322)
[2023.04.14-21.50.49:321][  0]LogModuleManager: Shutting down and abandoning module NetworkReplayStreaming (320)
[2023.04.14-21.50.49:321][  0]LogModuleManager: Shutting down and abandoning module PacketHandler (318)
[2023.04.14-21.50.49:321][  0]LogModuleManager: Shutting down and abandoning module ClothingSystemEditor (316)
[2023.04.14-21.50.49:321][  0]LogModuleManager: Shutting down and abandoning module ClothingSystemRuntimeNv (314)
[2023.04.14-21.50.49:321][  0]LogModuleManager: Shutting down and abandoning module MediaAssets (312)
[2023.04.14-21.50.49:321][  0]LogModuleManager: Shutting down and abandoning module Overlay (310)
[2023.04.14-21.50.49:321][  0]LogModuleManager: Shutting down and abandoning module OverlayEditor (309)
[2023.04.14-21.50.49:321][  0]LogModuleManager: Shutting down and abandoning module Blutility (306)
[2023.04.14-21.50.49:321][  0]LogModuleManager: Shutting down and abandoning module LevelEditor (305)
[2023.04.14-21.50.49:321][  0]LogModuleManager: Shutting down and abandoning module PixelInspectorModule (304)
[2023.04.14-21.50.49:321][  0]LogModuleManager: Shutting down and abandoning module CommonMenuExtensions (302)
[2023.04.14-21.50.49:321][  0]LogModuleManager: Shutting down and abandoning module MainFrame (300)
[2023.04.14-21.50.49:321][  0]LogModuleManager: Shutting down and abandoning module HotReload (299)
[2023.04.14-21.50.49:322][  0]LogModuleManager: Shutting down and abandoning module ContentBrowser (295)
[2023.04.14-21.50.49:322][  0]LogModuleManager: Shutting down and abandoning module CollectionManager (294)
[2023.04.14-21.50.49:322][  0]LogModuleManager: Shutting down and abandoning module ContentBrowserData (292)
[2023.04.14-21.50.49:322][  0]LogModuleManager: Shutting down and abandoning module IntroTutorials (288)
[2023.04.14-21.50.49:322][  0]LogModuleManager: Shutting down and abandoning module VREditor (286)
[2023.04.14-21.50.49:322][  0]LogModuleManager: Shutting down and abandoning module StringTableEditor (284)
[2023.04.14-21.50.49:322][  0]LogModuleManager: Shutting down and abandoning module GameplayTasksEditor (282)
[2023.04.14-21.50.49:322][  0]LogModuleManager: Shutting down and abandoning module BehaviorTreeEditor (280)
[2023.04.14-21.50.49:322][  0]LogModuleManager: Shutting down and abandoning module FunctionalTesting (278)
[2023.04.14-21.50.49:322][  0]LogModuleManager: Shutting down and abandoning module CollisionAnalyzer (276)
[2023.04.14-21.50.49:322][  0]LogModuleManager: Shutting down and abandoning module WorkspaceMenuStructure (275)
[2023.04.14-21.50.49:322][  0]LogModuleManager: Shutting down and abandoning module UMG (272)
[2023.04.14-21.50.49:322][  0]LogModuleManager: Shutting down and abandoning module UMGEditor (271)
[2023.04.14-21.50.49:322][  0]LogModuleManager: Shutting down and abandoning module MessageLog (269)
[2023.04.14-21.50.49:322][  0]LogModuleManager: Shutting down and abandoning module SlateReflector (264)
[2023.04.14-21.50.49:322][  0]LogModuleManager: Shutting down and abandoning module Slate (262)
[2023.04.14-21.50.49:322][  0]LogModuleManager: Shutting down and abandoning module SlateCore (260)
[2023.04.14-21.50.49:323][  0]LogModuleManager: Shutting down and abandoning module LandscapeEditorUtilities (258)
[2023.04.14-21.50.49:323][  0]LogModuleManager: Shutting down and abandoning module UnrealEd (256)
[2023.04.14-21.50.49:323][  0]LogModuleManager: Shutting down and abandoning module MRMesh (254)
[2023.04.14-21.50.49:323][  0]LogModuleManager: Shutting down and abandoning module SourceCodeAccess (252)
[2023.04.14-21.50.49:323][  0]LogModuleManager: Shutting down and abandoning module HeadMountedDisplay (250)
[2023.04.14-21.50.49:323][  0]LogModuleManager: Shutting down and abandoning module XAudio2 (248)
[2023.04.14-21.50.49:323][  0]LogModuleManager: Shutting down and abandoning module Networking (246)
[2023.04.14-21.50.49:323][  0]LogModuleManager: Shutting down and abandoning module Core (244)
[2023.04.14-21.50.49:323][  0]LogModuleManager: Shutting down and abandoning module MaterialEditor (242)
[2023.04.14-21.50.49:323][  0]LogModuleManager: Shutting down and abandoning module Settings (241)
[2023.04.14-21.50.49:323][  0]LogModuleManager: Shutting down and abandoning module MovieSceneTools (238)
[2023.04.14-21.50.49:323][  0]LogModuleManager: Shutting down and abandoning module CurveEditor (237)
[2023.04.14-21.50.49:323][  0]LogModuleManager: Shutting down and abandoning module Sequencer (235)
[2023.04.14-21.50.49:323][  0]LogModuleManager: Shutting down and abandoning module EditorStyle (234)
[2023.04.14-21.50.49:323][  0]LogModuleManager: Shutting down and abandoning module KismetCompiler (230)
[2023.04.14-21.50.49:323][  0]LogModuleManager: Shutting down and abandoning module MeshBuilder (228)
[2023.04.14-21.50.49:323][  0]LogModuleManager: Shutting down and abandoning module MeshUtilities (226)
[2023.04.14-21.50.49:323][  0]LogModuleManager: Shutting down and abandoning module MeshMergeUtilities (225)
[2023.04.14-21.50.49:323][  0]LogModuleManager: Shutting down and abandoning module MeshReductionInterface (224)
[2023.04.14-21.50.49:323][  0]LogModuleManager: Shutting down and abandoning module MeshBoneReduction (223)
[2023.04.14-21.50.49:323][  0]LogModuleManager: Shutting down and abandoning module SkeletalMeshReduction (221)
[2023.04.14-21.50.49:323][  0]LogModuleManager: Shutting down and abandoning module ProxyLODMeshReduction (219)
[2023.04.14-21.50.49:323][  0]LogModuleManager: Shutting down and abandoning module QuadricMeshReduction (217)
[2023.04.14-21.50.49:323][  0]LogModuleManager: Shutting down and abandoning module MaterialBaking (213)
[2023.04.14-21.50.49:324][  0]LogModuleManager: Shutting down and abandoning module DirectoryWatcher (209)
[2023.04.14-21.50.49:324][  0]LogModuleManager: Shutting down and abandoning module NullInstallBundleManager (206)
[2023.04.14-21.50.49:324][  0]LogModuleManager: Shutting down and abandoning module DerivedDataCache (204)
[2023.04.14-21.50.49:324][  0]LogModuleManager: Shutting down and abandoning module TargetPlatform (202)
[2023.04.14-21.50.49:324][  0]LogModuleManager: Shutting down and abandoning module VulkanShaderFormat (201)
[2023.04.14-21.50.49:324][  0]LogModuleManager: Shutting down and abandoning module ShaderFormatVectorVM (199)
[2023.04.14-21.50.49:324][  0]LogModuleManager: Shutting down and abandoning module ShaderFormatOpenGL (197)
[2023.04.14-21.50.49:324][  0]LogModuleManager: Shutting down and abandoning module ShaderFormatD3D (195)
[2023.04.14-21.50.49:324][  0]LogModuleManager: Shutting down and abandoning module MetalShaderFormat (193)
[2023.04.14-21.50.49:324][  0]LogModuleManager: Shutting down and abandoning module TextureFormatOodle (191)
[2023.04.14-21.50.49:324][  0]LogModuleManager: Shutting down and abandoning module TextureFormatUncompressed (189)
[2023.04.14-21.50.49:324][  0]LogModuleManager: Shutting down and abandoning module TextureFormatPVR (187)
[2023.04.14-21.50.49:324][  0]LogModuleManager: Shutting down and abandoning module TextureFormatETC2 (185)
[2023.04.14-21.50.49:324][  0]LogModuleManager: Shutting down and abandoning module TextureFormatDXT (183)
[2023.04.14-21.50.49:324][  0]LogModuleManager: Shutting down and abandoning module TextureFormatIntelISPCTexComp (181)
[2023.04.14-21.50.49:324][  0]LogModuleManager: Shutting down and abandoning module TextureFormatASTC (179)
[2023.04.14-21.50.49:324][  0]LogModuleManager: Shutting down and abandoning module ImageWrapper (178)
[2023.04.14-21.50.49:324][  0]LogModuleManager: Shutting down and abandoning module AudioFormatOpus (175)
[2023.04.14-21.50.49:324][  0]LogModuleManager: Shutting down and abandoning module AudioFormatOgg (173)
[2023.04.14-21.50.49:324][  0]LogModuleManager: Shutting down and abandoning module AudioFormatADPCM (171)
[2023.04.14-21.50.49:324][  0]LogModuleManager: Shutting down and abandoning module WindowsServerTargetPlatform (169)
[2023.04.14-21.50.49:324][  0]LogModuleManager: Shutting down and abandoning module WindowsClientTargetPlatform (167)
[2023.04.14-21.50.49:324][  0]LogModuleManager: Shutting down and abandoning module WindowsTargetPlatform (165)
[2023.04.14-21.50.49:324][  0]LogModuleManager: Shutting down and abandoning module WindowsNoEditorTargetPlatform (163)
[2023.04.14-21.50.49:324][  0]LogModuleManager: Shutting down and abandoning module TVOSTargetPlatform (161)
[2023.04.14-21.50.49:324][  0]LogModuleManager: Shutting down and abandoning module MacServerTargetPlatform (159)
[2023.04.14-21.50.49:324][  0]LogModuleManager: Shutting down and abandoning module MacClientTargetPlatform (157)
[2023.04.14-21.50.49:324][  0]LogModuleManager: Shutting down and abandoning module MacTargetPlatform (155)
[2023.04.14-21.50.49:324][  0]LogModuleManager: Shutting down and abandoning module MacNoEditorTargetPlatform (153)
[2023.04.14-21.50.49:324][  0]LogModuleManager: Shutting down and abandoning module LuminTargetPlatform (151)
[2023.04.14-21.50.49:325][  0]LogModuleManager: Shutting down and abandoning module LinuxAArch64ServerTargetPlatform (149)
[2023.04.14-21.50.49:325][  0]LogModuleManager: Shutting down and abandoning module LinuxAArch64ClientTargetPlatform (147)
[2023.04.14-21.50.49:325][  0]LogModuleManager: Shutting down and abandoning module LinuxAArch64NoEditorTargetPlatform (145)
[2023.04.14-21.50.49:325][  0]LogModuleManager: Shutting down and abandoning module LinuxServerTargetPlatform (143)
[2023.04.14-21.50.49:325][  0]LogModuleManager: Shutting down and abandoning module LinuxClientTargetPlatform (141)
[2023.04.14-21.50.49:325][  0]LogModuleManager: Shutting down and abandoning module LinuxNoEditorTargetPlatform (139)
[2023.04.14-21.50.49:325][  0]LogModuleManager: Shutting down and abandoning module LinuxTargetPlatform (137)
[2023.04.14-21.50.49:325][  0]LogModuleManager: Shutting down and abandoning module Messaging (135)
[2023.04.14-21.50.49:325][  0]LogModuleManager: Shutting down and abandoning module IOSTargetPlatform (133)
[2023.04.14-21.50.49:325][  0]LogModuleManager: Shutting down and abandoning module AndroidTargetPlatform (131)
[2023.04.14-21.50.49:326][  0]LogModuleManager: Shutting down and abandoning module AllDesktopTargetPlatform (129)
[2023.04.14-21.50.49:326][  0]LogModuleManager: Shutting down and abandoning module NullDrv (126)
[2023.04.14-21.50.49:326][  0]LogModuleManager: Shutting down and abandoning module PhysXCooking (124)
[2023.04.14-21.50.49:326][  0]LogModuleManager: Shutting down and abandoning module Chaos (122)
[2023.04.14-21.50.49:326][  0]LogModuleManager: Shutting down and abandoning module WindowsPlatformFeatures (120)
[2023.04.14-21.50.49:326][  0]LogModuleManager: Shutting down and abandoning module GameplayMediaEncoder (119)
[2023.04.14-21.50.49:326][  0]LogModuleManager: Shutting down and abandoning module AVEncoder (118)
[2023.04.14-21.50.49:326][  0]LogModuleManager: Shutting down and abandoning module ExampleDeviceProfileSelector (114)
[2023.04.14-21.50.49:326][  0]LogModuleManager: Shutting down and abandoning module SteamVRInputDevice (112)
[2023.04.14-21.50.49:326][  0]LogModuleManager: Shutting down and abandoning module SteamVRInput (110)
[2023.04.14-21.50.49:326][  0]LogModuleManager: Shutting down and abandoning module SteamVR (108)
[2023.04.14-21.50.49:326][  0]LogHMD: Freeing OpenVRDLLHandle.
[2023.04.14-21.50.49:326][  0]LogModuleManager: Shutting down and abandoning module OculusHMD (106)
[2023.04.14-21.50.49:326][  0]LogModuleManager: Shutting down and abandoning module VariantManagerContent (104)
[2023.04.14-21.50.49:326][  0]LogModuleManager: Shutting down and abandoning module DatasmithContent (102)
[2023.04.14-21.50.49:327][  0]LogModuleManager: Shutting down and abandoning module OpenXRHandTracking (100)
[2023.04.14-21.50.49:327][  0]LogModuleManager: Shutting down and abandoning module OpenXREyeTracker (98)
[2023.04.14-21.50.49:327][  0]LogModuleManager: Shutting down and abandoning module OpenXRAR (96)
[2023.04.14-21.50.49:327][  0]LogModuleManager: Shutting down and abandoning module AugmentedReality (95)
[2023.04.14-21.50.49:327][  0]LogModuleManager: Shutting down and abandoning module OpenXRHMD (92)
[2023.04.14-21.50.49:327][  0]LogModuleManager: Shutting down and abandoning module ChunkDownloader (90)
[2023.04.14-21.50.49:327][  0]LogModuleManager: Shutting down and abandoning module OnlineBlueprintSupport (88)
[2023.04.14-21.50.49:327][  0]LogModuleManager: Shutting down and abandoning module OnlineSubsystem (84)
[2023.04.14-21.50.49:327][  0]LogModuleManager: Shutting down and abandoning module XMPP (79)
[2023.04.14-21.50.49:327][  0]LogModuleManager: Shutting down and abandoning module WebSockets (78)
[2023.04.14-21.50.49:359][  0]LogModuleManager: Shutting down and abandoning module HTTP (75)
[2023.04.14-21.50.49:359][  0]LogHttp: Display: cleaning up 0 outstanding Http requests.
[2023.04.14-21.50.49:376][  0]LogModuleManager: Shutting down and abandoning module SSL (74)
[2023.04.14-21.50.49:377][  0]LogModuleManager: Shutting down and abandoning module LauncherChunkInstaller (70)
[2023.04.14-21.50.49:377][  0]LogModuleManager: Shutting down and abandoning module WmfMedia (68)
[2023.04.14-21.50.49:377][  0]LogModuleManager: Shutting down and abandoning module Media (67)
[2023.04.14-21.50.49:378][  0]LogModuleManager: Shutting down and abandoning module MediaInfo (66)
[2023.04.14-21.50.49:378][  0]LogModuleManager: Shutting down and abandoning module ExrReaderGpu (62)
[2023.04.14-21.50.49:378][  0]LogModuleManager: Shutting down and abandoning module MLSDK (60)
[2023.04.14-21.50.49:378][  0]LogModuleManager: Shutting down and abandoning module MagicLeap (58)
[2023.04.14-21.50.49:378][  0]LogModuleManager: Shutting down and abandoning module ChaosCloth (56)
[2023.04.14-21.50.49:378][  0]LogModuleManager: Shutting down and abandoning module NiagaraVertexFactories (54)
[2023.04.14-21.50.49:378][  0]LogModuleManager: Shutting down and abandoning module NiagaraShader (52)
[2023.04.14-21.50.49:378][  0]LogModuleManager: Shutting down and abandoning module PixWinPlugin (50)
[2023.04.14-21.50.49:378][  0]LogModuleManager: Shutting down and abandoning module AISupportModule (48)
[2023.04.14-21.50.49:378][  0]LogModuleManager: Shutting down and abandoning module PythonScriptPluginPreload (46)
[2023.04.14-21.50.49:378][  0]LogModuleManager: Shutting down and abandoning module PlatformCryptoOpenSSL (44)
[2023.04.14-21.50.49:378][  0]LogModuleManager: Shutting down and abandoning module PlatformCryptoTypes (42)
[2023.04.14-21.50.49:378][  0]LogModuleManager: Shutting down and abandoning module PlatformCrypto (40)
[2023.04.14-21.50.49:378][  0]LogModuleManager: Shutting down and abandoning module OodleDataCompressionFormat (38)
[2023.04.14-21.50.49:378][  0]LogModuleManager: Shutting down and abandoning module XGEController (36)
[2023.04.14-21.50.49:378][  0]LogXGEController: Cannot use XGE Controller as Incredibuild is not installed on this machine.
[2023.04.14-21.50.49:378][  0]LogModuleManager: Shutting down and abandoning module AnimationModifiers (34)
[2023.04.14-21.50.49:378][  0]LogModuleManager: Shutting down and abandoning module AudioEditor (32)
[2023.04.14-21.50.49:378][  0]LogModuleManager: Shutting down and abandoning module PropertyEditor (31)
[2023.04.14-21.50.49:378][  0]LogModuleManager: Shutting down and abandoning module TextureCompressor (28)
[2023.04.14-21.50.49:378][  0]LogModuleManager: Shutting down and abandoning module RenderCore (26)
[2023.04.14-21.50.49:378][  0]LogModuleManager: Shutting down and abandoning module Landscape (24)
[2023.04.14-21.50.49:378][  0]LogModuleManager: Shutting down and abandoning module SlateRHIRenderer (22)
[2023.04.14-21.50.49:378][  0]LogModuleManager: Shutting down and abandoning module AnimGraphRuntime (20)
[2023.04.14-21.50.49:378][  0]LogModuleManager: Shutting down and abandoning module Renderer (18)
[2023.04.14-21.50.49:378][  0]LogModuleManager: Shutting down and abandoning module Engine (16)
[2023.04.14-21.50.49:378][  0]LogModuleManager: Shutting down and abandoning module CoreUObject (14)
[2023.04.14-21.50.49:378][  0]LogModuleManager: Shutting down and abandoning module NetworkFile (12)
[2023.04.14-21.50.49:378][  0]LogModuleManager: Shutting down and abandoning module CookedIterativeFile (10)
[2023.04.14-21.50.49:378][  0]LogModuleManager: Shutting down and abandoning module StreamingFile (8)
[2023.04.14-21.50.49:378][  0]LogModuleManager: Shutting down and abandoning module SandboxFile (6)
[2023.04.14-21.50.49:378][  0]LogModuleManager: Shutting down and abandoning module PakFile (4)
[2023.04.14-21.50.49:378][  0]LogModuleManager: Shutting down and abandoning module RSA (3)
[2023.04.14-21.50.49:732][  0]LogContentStreaming: Display: There are 1 unreleased StreamingManagers
[2023.04.14-21.50.49:743][  0]LogExit: Exiting.
[2023.04.14-21.50.49:756][  0]Log file closed, 04/14/23 23:50:49
